Flow report for RISC1
Mon Oct 24 20:24:19 2016
Quartus Prime Version 15.1.0 Build 185 10/21/2015 SJ Lite Edition


---------------------
; Table of Contents ;
---------------------
  1. Legal Notice
  2. Flow Summary
  3. Flow Settings
  4. Flow Non-Default Global Settings
  5. Flow Elapsed Time
  6. Flow OS Summary
  7. Flow Log
  8. Flow Messages
  9. Flow Suppressed Messages



----------------
; Legal Notice ;
----------------
Copyright (C) 1991-2015 Altera Corporation. All rights reserved.
Your use of Altera Corporation's design tools, logic functions 
and other software and tools, and its AMPP partner logic 
functions, and any output files from any of the foregoing 
(including device programming or simulation files), and any 
associated documentation or information are expressly subject 
to the terms and conditions of the Altera Program License 
Subscription Agreement, the Altera Quartus Prime License Agreement,
the Altera MegaCore Function License Agreement, or other 
applicable license agreement, including, without limitation, 
that your use is for the sole purpose of programming logic 
devices manufactured by Altera and sold by Altera or its 
authorized distributors.  Please refer to the applicable 
agreement for further details.



+----------------------------------------------------------------------------------+
; Flow Summary                                                                     ;
+------------------------------------+---------------------------------------------+
; Flow Status                        ; Successful - Mon Oct 24 20:24:19 2016       ;
; Quartus Prime Version              ; 15.1.0 Build 185 10/21/2015 SJ Lite Edition ;
; Revision Name                      ; RISC1                                       ;
; Top-level Entity Name              ; RISC1                                       ;
; Family                             ; Cyclone IV GX                               ;
; Total logic elements               ; 0 / 14,400 ( 0 % )                          ;
;     Total combinational functions  ; 0 / 14,400 ( 0 % )                          ;
;     Dedicated logic registers      ; 0 / 14,400 ( 0 % )                          ;
; Total registers                    ; 0                                           ;
; Total pins                         ; 2 / 81 ( 2 % )                              ;
; Total virtual pins                 ; 0                                           ;
; Total memory bits                  ; 0 / 552,960 ( 0 % )                         ;
; Embedded Multiplier 9-bit elements ; 0                                           ;
; Total GXB Receiver Channel PCS     ; 0 / 2 ( 0 % )                               ;
; Total GXB Receiver Channel PMA     ; 0 / 2 ( 0 % )                               ;
; Total GXB Transmitter Channel PCS  ; 0 / 2 ( 0 % )                               ;
; Total GXB Transmitter Channel PMA  ; 0 / 2 ( 0 % )                               ;
; Total PLLs                         ; 0 / 3 ( 0 % )                               ;
; Device                             ; EP4CGX15BF14C6                              ;
; Timing Models                      ; Final                                       ;
+------------------------------------+---------------------------------------------+


+-----------------------------------------+
; Flow Settings                           ;
+-------------------+---------------------+
; Option            ; Setting             ;
+-------------------+---------------------+
; Start date & time ; 10/24/2016 20:23:33 ;
; Main task         ; Compilation         ;
; Revision Name     ; RISC1               ;
+-------------------+---------------------+


+-------------------------------------------------------------------------------------------------------------------------+
; Flow Non-Default Global Settings                                                                                        ;
+--------------------------------------+---------------------------------+---------------+-------------+------------------+
; Assignment Name                      ; Value                           ; Default Value ; Entity Name ; Section Id       ;
+--------------------------------------+---------------------------------+---------------+-------------+------------------+
; COMPILER_SIGNATURE_ID                ; 128534985362614.147732081322916 ; --            ; --          ; --               ;
; EDA_DESIGN_INSTANCE_NAME             ; dut                             ; --            ; --          ; Testbench_full   ;
; EDA_DESIGN_INSTANCE_NAME             ; dut                             ; --            ; --          ; Testbench_RF     ;
; EDA_DESIGN_INSTANCE_NAME             ; dut                             ; --            ; --          ; Testbench_memory ;
; EDA_NATIVELINK_SIMULATION_TEST_BENCH ; Testbench_full                  ; --            ; --          ; eda_simulation   ;
; EDA_OUTPUT_DATA_FORMAT               ; Vhdl                            ; --            ; --          ; eda_simulation   ;
; EDA_SIMULATION_TOOL                  ; ModelSim-Altera (VHDL)          ; <None>        ; --          ; --               ;
; EDA_TEST_BENCH_ENABLE_STATUS         ; TEST_BENCH_MODE                 ; --            ; --          ; eda_simulation   ;
; EDA_TEST_BENCH_FILE                  ; testbench_full.vhd              ; --            ; --          ; Testbench_full   ;
; EDA_TEST_BENCH_FILE                  ; testbench_regfile.vhd           ; --            ; --          ; Testbench_RF     ;
; EDA_TEST_BENCH_FILE                  ; testbench_mem.vhd               ; --            ; --          ; Testbench_memory ;
; EDA_TEST_BENCH_MODULE_NAME           ; Testbench_full                  ; --            ; --          ; Testbench_full   ;
; EDA_TEST_BENCH_MODULE_NAME           ; Testbench_RF                    ; --            ; --          ; Testbench_RF     ;
; EDA_TEST_BENCH_MODULE_NAME           ; Testbench_memory                ; --            ; --          ; Testbench_memory ;
; EDA_TEST_BENCH_NAME                  ; Testbench_RF                    ; --            ; --          ; eda_simulation   ;
; EDA_TEST_BENCH_NAME                  ; Testbench_memory                ; --            ; --          ; eda_simulation   ;
; EDA_TEST_BENCH_NAME                  ; Testbench_full                  ; --            ; --          ; eda_simulation   ;
; PARTITION_COLOR                      ; 16764057                        ; --            ; --          ; Top              ;
; PARTITION_FITTER_PRESERVATION_LEVEL  ; PLACEMENT_AND_ROUTING           ; --            ; --          ; Top              ;
; PARTITION_NETLIST_TYPE               ; SOURCE                          ; --            ; --          ; Top              ;
; PROJECT_OUTPUT_DIRECTORY             ; output_files                    ; --            ; --          ; --               ;
+--------------------------------------+---------------------------------+---------------+-------------+------------------+


+-------------------------------------------------------------------------------------------------------------------------------+
; Flow Elapsed Time                                                                                                             ;
+---------------------------+--------------+-------------------------+---------------------+------------------------------------+
; Module Name               ; Elapsed Time ; Average Processors Used ; Peak Virtual Memory ; Total CPU Time (on all processors) ;
+---------------------------+--------------+-------------------------+---------------------+------------------------------------+
; Analysis & Synthesis      ; 00:00:16     ; 1.0                     ; 1275 MB             ; 00:00:37                           ;
; Fitter                    ; 00:00:03     ; 1.0                     ; 1376 MB             ; 00:00:04                           ;
; Assembler                 ; 00:00:01     ; 1.0                     ; 1063 MB             ; 00:00:01                           ;
; TimeQuest Timing Analyzer ; 00:00:01     ; 1.0                     ; 1001 MB             ; 00:00:01                           ;
; EDA Netlist Writer        ; 00:00:01     ; 1.0                     ; 1310 MB             ; 00:00:01                           ;
; Total                     ; 00:00:22     ; --                      ; --                  ; 00:00:44                           ;
+---------------------------+--------------+-------------------------+---------------------+------------------------------------+


+---------------------------------------------------------------------------------------------+
; Flow OS Summary                                                                             ;
+---------------------------+------------------+----------------+------------+----------------+
; Module Name               ; Machine Hostname ; OS Name        ; OS Version ; Processor type ;
+---------------------------+------------------+----------------+------------+----------------+
; Analysis & Synthesis      ; InfinityEdge     ; Ubuntu 16.04.1 ; 16         ; x86_64         ;
; Fitter                    ; InfinityEdge     ; Ubuntu 16.04.1 ; 16         ; x86_64         ;
; Assembler                 ; InfinityEdge     ; Ubuntu 16.04.1 ; 16         ; x86_64         ;
; TimeQuest Timing Analyzer ; InfinityEdge     ; Ubuntu 16.04.1 ; 16         ; x86_64         ;
; EDA Netlist Writer        ; InfinityEdge     ; Ubuntu 16.04.1 ; 16         ; x86_64         ;
+---------------------------+------------------+----------------+------------+----------------+


------------
; Flow Log ;
------------
quartus_map --read_settings_files=on --write_settings_files=off RISC1 -c RISC1
quartus_fit --read_settings_files=off --write_settings_files=off RISC1 -c RISC1
quartus_asm --read_settings_files=off --write_settings_files=off RISC1 -c RISC1
quartus_sta RISC1 -c RISC1
quartus_eda --read_settings_files=off --write_settings_files=off RISC1 -c RISC1



