Analysis & Synthesis report for RISC1
Mon Oct 24 20:23:48 2016
Quartus Prime Version 15.1.0 Build 185 10/21/2015 SJ Lite Edition


---------------------
; Table of Contents ;
---------------------
  1. Legal Notice
  2. Analysis & Synthesis Summary
  3. Analysis & Synthesis Settings
  4. Parallel Compilation
  5. Analysis & Synthesis Source Files Read
  6. Analysis & Synthesis Resource Usage Summary
  7. Analysis & Synthesis Resource Utilization by Entity
  8. State Machine - |RISC1|controlpath:cp|state
  9. Registers Removed During Synthesis
 10. Removed Registers Triggering Further Register Optimizations
 11. General Register Statistics
 12. Multiplexer Restructuring Statistics (Restructuring Performed)
 13. Parameter Settings for User Entity Instance: Datapath_RISC:dp|dataRegister:t1
 14. Parameter Settings for User Entity Instance: Datapath_RISC:dp|dataRegister:t2
 15. Parameter Settings for User Entity Instance: Datapath_RISC:dp|dataRegister:t3
 16. Parameter Settings for User Entity Instance: Datapath_RISC:dp|dataRegister:t4
 17. Parameter Settings for User Entity Instance: Datapath_RISC:dp|dataRegister:ir
 18. Parameter Settings for User Entity Instance: Datapath_RISC:dp|dataRegister:pc
 19. Post-Synthesis Netlist Statistics for Top Partition
 20. Elapsed Time Per Partition
 21. Analysis & Synthesis Messages



----------------
; Legal Notice ;
----------------
Copyright (C) 1991-2015 Altera Corporation. All rights reserved.
Your use of Altera Corporation's design tools, logic functions 
and other software and tools, and its AMPP partner logic 
functions, and any output files from any of the foregoing 
(including device programming or simulation files), and any 
associated documentation or information are expressly subject 
to the terms and conditions of the Altera Program License 
Subscription Agreement, the Altera Quartus Prime License Agreement,
the Altera MegaCore Function License Agreement, or other 
applicable license agreement, including, without limitation, 
that your use is for the sole purpose of programming logic 
devices manufactured by Altera and sold by Altera or its 
authorized distributors.  Please refer to the applicable 
agreement for further details.



+----------------------------------------------------------------------------------+
; Analysis & Synthesis Summary                                                     ;
+------------------------------------+---------------------------------------------+
; Analysis & Synthesis Status        ; Successful - Mon Oct 24 20:23:48 2016       ;
; Quartus Prime Version              ; 15.1.0 Build 185 10/21/2015 SJ Lite Edition ;
; Revision Name                      ; RISC1                                       ;
; Top-level Entity Name              ; RISC1                                       ;
; Family                             ; Cyclone IV GX                               ;
; Total logic elements               ; 0                                           ;
;     Total combinational functions  ; 0                                           ;
;     Dedicated logic registers      ; 0                                           ;
; Total registers                    ; 0                                           ;
; Total pins                         ; 2                                           ;
; Total virtual pins                 ; 0                                           ;
; Total memory bits                  ; 0                                           ;
; Embedded Multiplier 9-bit elements ; 0                                           ;
; Total GXB Receiver Channel PCS     ; 0                                           ;
; Total GXB Receiver Channel PMA     ; 0                                           ;
; Total GXB Transmitter Channel PCS  ; 0                                           ;
; Total GXB Transmitter Channel PMA  ; 0                                           ;
; Total PLLs                         ; 0                                           ;
+------------------------------------+---------------------------------------------+


+----------------------------------------------------------------------------------------------------------------------+
; Analysis & Synthesis Settings                                                                                        ;
+----------------------------------------------------------------------------+--------------------+--------------------+
; Option                                                                     ; Setting            ; Default Value      ;
+----------------------------------------------------------------------------+--------------------+--------------------+
; Top-level entity name                                                      ; RISC1              ; RISC1              ;
; Family name                                                                ; Cyclone IV GX      ; Cyclone V          ;
; Use smart compilation                                                      ; Off                ; Off                ;
; Enable parallel Assembler and TimeQuest Timing Analyzer during compilation ; On                 ; On                 ;
; Enable compact report table                                                ; Off                ; Off                ;
; Restructure Multiplexers                                                   ; Auto               ; Auto               ;
; Create Debugging Nodes for IP Cores                                        ; Off                ; Off                ;
; Preserve fewer node names                                                  ; On                 ; On                 ;
; Disable OpenCore Plus hardware evaluation                                  ; Off                ; Off                ;
; Verilog Version                                                            ; Verilog_2001       ; Verilog_2001       ;
; VHDL Version                                                               ; VHDL_1993          ; VHDL_1993          ;
; State Machine Processing                                                   ; Auto               ; Auto               ;
; Safe State Machine                                                         ; Off                ; Off                ;
; Extract Verilog State Machines                                             ; On                 ; On                 ;
; Extract VHDL State Machines                                                ; On                 ; On                 ;
; Ignore Verilog initial constructs                                          ; Off                ; Off                ;
; Iteration limit for constant Verilog loops                                 ; 5000               ; 5000               ;
; Iteration limit for non-constant Verilog loops                             ; 250                ; 250                ;
; Add Pass-Through Logic to Inferred RAMs                                    ; On                 ; On                 ;
; Infer RAMs from Raw Logic                                                  ; On                 ; On                 ;
; Parallel Synthesis                                                         ; On                 ; On                 ;
; DSP Block Balancing                                                        ; Auto               ; Auto               ;
; NOT Gate Push-Back                                                         ; On                 ; On                 ;
; Power-Up Don't Care                                                        ; On                 ; On                 ;
; Remove Redundant Logic Cells                                               ; Off                ; Off                ;
; Remove Duplicate Registers                                                 ; On                 ; On                 ;
; Ignore CARRY Buffers                                                       ; Off                ; Off                ;
; Ignore CASCADE Buffers                                                     ; Off                ; Off                ;
; Ignore GLOBAL Buffers                                                      ; Off                ; Off                ;
; Ignore ROW GLOBAL Buffers                                                  ; Off                ; Off                ;
; Ignore LCELL Buffers                                                       ; Off                ; Off                ;
; Ignore SOFT Buffers                                                        ; On                 ; On                 ;
; Limit AHDL Integers to 32 Bits                                             ; Off                ; Off                ;
; Optimization Technique                                                     ; Balanced           ; Balanced           ;
; Carry Chain Length                                                         ; 70                 ; 70                 ;
; Auto Carry Chains                                                          ; On                 ; On                 ;
; Auto Open-Drain Pins                                                       ; On                 ; On                 ;
; Perform WYSIWYG Primitive Resynthesis                                      ; Off                ; Off                ;
; Auto ROM Replacement                                                       ; On                 ; On                 ;
; Auto RAM Replacement                                                       ; On                 ; On                 ;
; Auto DSP Block Replacement                                                 ; On                 ; On                 ;
; Auto Shift Register Replacement                                            ; Auto               ; Auto               ;
; Allow Shift Register Merging across Hierarchies                            ; Auto               ; Auto               ;
; Auto Clock Enable Replacement                                              ; On                 ; On                 ;
; Strict RAM Replacement                                                     ; Off                ; Off                ;
; Allow Synchronous Control Signals                                          ; On                 ; On                 ;
; Force Use of Synchronous Clear Signals                                     ; Off                ; Off                ;
; Auto RAM Block Balancing                                                   ; On                 ; On                 ;
; Auto RAM to Logic Cell Conversion                                          ; Off                ; Off                ;
; Auto Resource Sharing                                                      ; Off                ; Off                ;
; Allow Any RAM Size For Recognition                                         ; Off                ; Off                ;
; Allow Any ROM Size For Recognition                                         ; Off                ; Off                ;
; Allow Any Shift Register Size For Recognition                              ; Off                ; Off                ;
; Use LogicLock Constraints during Resource Balancing                        ; On                 ; On                 ;
; Ignore translate_off and synthesis_off directives                          ; Off                ; Off                ;
; Timing-Driven Synthesis                                                    ; On                 ; On                 ;
; Report Parameter Settings                                                  ; On                 ; On                 ;
; Report Source Assignments                                                  ; On                 ; On                 ;
; Report Connectivity Checks                                                 ; On                 ; On                 ;
; Ignore Maximum Fan-Out Assignments                                         ; Off                ; Off                ;
; Synchronization Register Chain Length                                      ; 2                  ; 2                  ;
; PowerPlay Power Optimization During Synthesis                              ; Normal compilation ; Normal compilation ;
; HDL message level                                                          ; Level2             ; Level2             ;
; Suppress Register Optimization Related Messages                            ; Off                ; Off                ;
; Number of Removed Registers Reported in Synthesis Report                   ; 5000               ; 5000               ;
; Number of Swept Nodes Reported in Synthesis Report                         ; 5000               ; 5000               ;
; Number of Inverted Registers Reported in Synthesis Report                  ; 100                ; 100                ;
; Clock MUX Protection                                                       ; On                 ; On                 ;
; Auto Gated Clock Conversion                                                ; Off                ; Off                ;
; Block Design Naming                                                        ; Auto               ; Auto               ;
; SDC constraint protection                                                  ; Off                ; Off                ;
; Synthesis Effort                                                           ; Auto               ; Auto               ;
; Shift Register Replacement - Allow Asynchronous Clear Signal               ; On                 ; On                 ;
; Pre-Mapping Resynthesis Optimization                                       ; Off                ; Off                ;
; Analysis & Synthesis Message Level                                         ; Medium             ; Medium             ;
; Disable Register Merging Across Hierarchies                                ; Auto               ; Auto               ;
; Resource Aware Inference For Block RAM                                     ; On                 ; On                 ;
; Synthesis Seed                                                             ; 1                  ; 1                  ;
+----------------------------------------------------------------------------+--------------------+--------------------+


Parallel compilation was disabled, but you have multiple processors available. Enable parallel compilation to reduce compilation time.
+-------------------------------------+
; Parallel Compilation                ;
+----------------------------+--------+
; Processors                 ; Number ;
+----------------------------+--------+
; Number detected on machine ; 4      ;
; Maximum allowed            ; 1      ;
+----------------------------+--------+


+---------------------------------------------------------------------------------------------------------------------------------------+
; Analysis & Synthesis Source Files Read                                                                                                ;
+----------------------------------+-----------------+-----------------+------------------------------------------------------+---------+
; File Name with User-Entered Path ; Used in Netlist ; File Type       ; File Name with Absolute Path                         ; Library ;
+----------------------------------+-----------------+-----------------+------------------------------------------------------+---------+
; DataPath_RISC.vhd                ; yes             ; User VHDL File  ; /home/virtualgod/Altera/RISC1/DataPath_RISC.vhd      ;         ;
; controlpath.vhdl                 ; yes             ; User VHDL File  ; /home/virtualgod/Altera/RISC1/controlpath.vhdl       ;         ;
; memPackage.vhd                   ; yes             ; User VHDL File  ; /home/virtualgod/Altera/RISC1/memPackage.vhd         ;         ;
; Comparator.vhd                   ; yes             ; User VHDL File  ; /home/virtualgod/Altera/RISC1/Comparator.vhd         ;         ;
; datapathComponents.vhd           ; yes             ; User VHDL File  ; /home/virtualgod/Altera/RISC1/datapathComponents.vhd ;         ;
; regFile.vhd                      ; yes             ; User VHDL File  ; /home/virtualgod/Altera/RISC1/regFile.vhd            ;         ;
; dataRegister.vhd                 ; yes             ; User VHDL File  ; /home/virtualgod/Altera/RISC1/dataRegister.vhd       ;         ;
; alu.vhd                          ; yes             ; User VHDL File  ; /home/virtualgod/Altera/RISC1/alu.vhd                ;         ;
; memory.vhd                       ; yes             ; User VHDL File  ; /home/virtualgod/Altera/RISC1/memory.vhd             ;         ;
; RISC1.vhd                        ; yes             ; User VHDL File  ; /home/virtualgod/Altera/RISC1/RISC1.vhd              ;         ;
; PE.vhd                           ; yes             ; User VHDL File  ; /home/virtualgod/Altera/RISC1/PE.vhd                 ;         ;
; finalComponents.vhd              ; yes             ; User VHDL File  ; /home/virtualgod/Altera/RISC1/finalComponents.vhd    ;         ;
+----------------------------------+-----------------+-----------------+------------------------------------------------------+---------+


+---------------------------------------------+
; Analysis & Synthesis Resource Usage Summary ;
+--------------------------+------------------+
; Resource                 ; Usage            ;
+--------------------------+------------------+
; I/O pins                 ; 2                ;
;                          ;                  ;
; DSP block 9-bit elements ; 0                ;
;                          ;                  ;
; Maximum fan-out node     ; reset            ;
; Maximum fan-out          ; 1                ;
; Total fan-out            ; 2                ;
; Average fan-out          ; 0.50             ;
+--------------------------+------------------+


+-----------------------------------------------------------------------------------------------------------------------------------------------------------------------------------------+
; Analysis & Synthesis Resource Utilization by Entity                                                                                                                                     ;
+----------------------------+-------------------+--------------+-------------+--------------+---------+-----------+-----------+------+--------------+---------------------+--------------+
; Compilation Hierarchy Node ; LC Combinationals ; LC Registers ; Memory Bits ; DSP Elements ; DSP 9x9 ; DSP 18x18 ; DSP 36x36 ; Pins ; Virtual Pins ; Full Hierarchy Name ; Library Name ;
+----------------------------+-------------------+--------------+-------------+--------------+---------+-----------+-----------+------+--------------+---------------------+--------------+
; |RISC1                     ; 0 (0)             ; 0 (0)        ; 0           ; 0            ; 0       ; 0         ; 0         ; 2    ; 0            ; |RISC1              ; work         ;
+----------------------------+-------------------+--------------+-------------+--------------+---------+-----------+-----------+------+--------------+---------------------+--------------+
Note: For table entries with two numbers listed, the numbers in parentheses indicate the number of resources of the given type used by the specific entity alone. The numbers listed outside of parentheses indicate the total resources of the given type used by the specific entity and all of its sub-entities in the hierarchy.


Encoding Type:  One-Hot
+-------------------------------------------------------------------------------------------------------------------------------------------------------------------------------------------------+
; State Machine - |RISC1|controlpath:cp|state                                                                                                                                                     ;
+-----------+-----------+-----------+-----------+-----------+-----------+-----------+----------+----------+----------+----------+----------+----------+----------+----------+----------+----------+
; Name      ; state.s15 ; state.s14 ; state.s13 ; state.s12 ; state.s11 ; state.s10 ; state.s9 ; state.s8 ; state.s7 ; state.s6 ; state.s5 ; state.s4 ; state.s3 ; state.s2 ; state.s1 ; state.s0 ;
+-----------+-----------+-----------+-----------+-----------+-----------+-----------+----------+----------+----------+----------+----------+----------+----------+----------+----------+----------+
; state.s0  ; 0         ; 0         ; 0         ; 0         ; 0         ; 0         ; 0        ; 0        ; 0        ; 0        ; 0        ; 0        ; 0        ; 0        ; 0        ; 0        ;
; state.s1  ; 0         ; 0         ; 0         ; 0         ; 0         ; 0         ; 0        ; 0        ; 0        ; 0        ; 0        ; 0        ; 0        ; 0        ; 1        ; 1        ;
; state.s2  ; 0         ; 0         ; 0         ; 0         ; 0         ; 0         ; 0        ; 0        ; 0        ; 0        ; 0        ; 0        ; 0        ; 1        ; 0        ; 1        ;
; state.s3  ; 0         ; 0         ; 0         ; 0         ; 0         ; 0         ; 0        ; 0        ; 0        ; 0        ; 0        ; 0        ; 1        ; 0        ; 0        ; 1        ;
; state.s4  ; 0         ; 0         ; 0         ; 0         ; 0         ; 0         ; 0        ; 0        ; 0        ; 0        ; 0        ; 1        ; 0        ; 0        ; 0        ; 1        ;
; state.s5  ; 0         ; 0         ; 0         ; 0         ; 0         ; 0         ; 0        ; 0        ; 0        ; 0        ; 1        ; 0        ; 0        ; 0        ; 0        ; 1        ;
; state.s6  ; 0         ; 0         ; 0         ; 0         ; 0         ; 0         ; 0        ; 0        ; 0        ; 1        ; 0        ; 0        ; 0        ; 0        ; 0        ; 1        ;
; state.s7  ; 0         ; 0         ; 0         ; 0         ; 0         ; 0         ; 0        ; 0        ; 1        ; 0        ; 0        ; 0        ; 0        ; 0        ; 0        ; 1        ;
; state.s8  ; 0         ; 0         ; 0         ; 0         ; 0         ; 0         ; 0        ; 1        ; 0        ; 0        ; 0        ; 0        ; 0        ; 0        ; 0        ; 1        ;
; state.s9  ; 0         ; 0         ; 0         ; 0         ; 0         ; 0         ; 1        ; 0        ; 0        ; 0        ; 0        ; 0        ; 0        ; 0        ; 0        ; 1        ;
; state.s10 ; 0         ; 0         ; 0         ; 0         ; 0         ; 1         ; 0        ; 0        ; 0        ; 0        ; 0        ; 0        ; 0        ; 0        ; 0        ; 1        ;
; state.s11 ; 0         ; 0         ; 0         ; 0         ; 1         ; 0         ; 0        ; 0        ; 0        ; 0        ; 0        ; 0        ; 0        ; 0        ; 0        ; 1        ;
; state.s12 ; 0         ; 0         ; 0         ; 1         ; 0         ; 0         ; 0        ; 0        ; 0        ; 0        ; 0        ; 0        ; 0        ; 0        ; 0        ; 1        ;
; state.s13 ; 0         ; 0         ; 1         ; 0         ; 0         ; 0         ; 0        ; 0        ; 0        ; 0        ; 0        ; 0        ; 0        ; 0        ; 0        ; 1        ;
; state.s14 ; 0         ; 1         ; 0         ; 0         ; 0         ; 0         ; 0        ; 0        ; 0        ; 0        ; 0        ; 0        ; 0        ; 0        ; 0        ; 1        ;
; state.s15 ; 1         ; 0         ; 0         ; 0         ; 0         ; 0         ; 0        ; 0        ; 0        ; 0        ; 0        ; 0        ; 0        ; 0        ; 0        ; 1        ;
+-----------+-----------+-----------+-----------+-----------+-----------+-----------+----------+----------+----------+----------+----------+----------+----------+----------+----------+----------+


+------------------------------------------------------------------------+
; Registers Removed During Synthesis                                     ;
+---------------------------------------------------+--------------------+
; Register name                                     ; Reason for Removal ;
+---------------------------------------------------+--------------------+
; Datapath_RISC:dp|dataRegister:t4|Dout[7..14]      ; Lost fanout        ;
; Datapath_RISC:dp|dataRegister:ir|Dout[0,1,12..15] ; Lost fanout        ;
; Datapath_RISC:dp|dataRegister:t3|Dout[15]         ; Lost fanout        ;
; Datapath_RISC:dp|dataRegister:t1|Dout[15]         ; Lost fanout        ;
; Datapath_RISC:dp|dataRegister:t3|Dout[14]         ; Lost fanout        ;
; Datapath_RISC:dp|dataRegister:t1|Dout[14]         ; Lost fanout        ;
; Datapath_RISC:dp|dataRegister:t3|Dout[13]         ; Lost fanout        ;
; Datapath_RISC:dp|dataRegister:t1|Dout[13]         ; Lost fanout        ;
; Datapath_RISC:dp|dataRegister:t3|Dout[12]         ; Lost fanout        ;
; Datapath_RISC:dp|dataRegister:t1|Dout[12]         ; Lost fanout        ;
; Datapath_RISC:dp|dataRegister:t3|Dout[11]         ; Lost fanout        ;
; Datapath_RISC:dp|dataRegister:t1|Dout[11]         ; Lost fanout        ;
; Datapath_RISC:dp|dataRegister:t3|Dout[10]         ; Lost fanout        ;
; Datapath_RISC:dp|dataRegister:t1|Dout[10]         ; Lost fanout        ;
; Datapath_RISC:dp|dataRegister:t3|Dout[9]          ; Lost fanout        ;
; Datapath_RISC:dp|dataRegister:t1|Dout[9]          ; Lost fanout        ;
; Datapath_RISC:dp|dataRegister:t3|Dout[8]          ; Lost fanout        ;
; Datapath_RISC:dp|dataRegister:t1|Dout[8]          ; Lost fanout        ;
; Datapath_RISC:dp|dataRegister:t3|Dout[7]          ; Lost fanout        ;
; Datapath_RISC:dp|dataRegister:t1|Dout[7]          ; Lost fanout        ;
; Datapath_RISC:dp|dataRegister:t3|Dout[6]          ; Lost fanout        ;
; Datapath_RISC:dp|dataRegister:t1|Dout[6]          ; Lost fanout        ;
; Datapath_RISC:dp|dataRegister:t3|Dout[5]          ; Lost fanout        ;
; Datapath_RISC:dp|dataRegister:t1|Dout[5]          ; Lost fanout        ;
; Datapath_RISC:dp|dataRegister:t3|Dout[4]          ; Lost fanout        ;
; Datapath_RISC:dp|dataRegister:t1|Dout[4]          ; Lost fanout        ;
; Datapath_RISC:dp|dataRegister:t3|Dout[3]          ; Lost fanout        ;
; Datapath_RISC:dp|dataRegister:t1|Dout[3]          ; Lost fanout        ;
; Datapath_RISC:dp|dataRegister:t3|Dout[2]          ; Lost fanout        ;
; Datapath_RISC:dp|dataRegister:t1|Dout[2]          ; Lost fanout        ;
; Datapath_RISC:dp|dataRegister:t3|Dout[1]          ; Lost fanout        ;
; Datapath_RISC:dp|dataRegister:t1|Dout[1]          ; Lost fanout        ;
; Datapath_RISC:dp|dataRegister:t3|Dout[0]          ; Lost fanout        ;
; Datapath_RISC:dp|dataRegister:t1|Dout[0]          ; Lost fanout        ;
; Datapath_RISC:dp|dataRegister:t2|Dout[0..15]      ; Lost fanout        ;
; Datapath_RISC:dp|dataRegister:ir|Dout[2..8]       ; Lost fanout        ;
; Datapath_RISC:dp|regFile:rf|reg[7][15]            ; Lost fanout        ;
; Datapath_RISC:dp|regFile:rf|reg[7][14]            ; Lost fanout        ;
; Datapath_RISC:dp|regFile:rf|reg[7][13]            ; Lost fanout        ;
; Datapath_RISC:dp|regFile:rf|reg[7][12]            ; Lost fanout        ;
; Datapath_RISC:dp|regFile:rf|reg[7][11]            ; Lost fanout        ;
; Datapath_RISC:dp|regFile:rf|reg[7][10]            ; Lost fanout        ;
; Datapath_RISC:dp|regFile:rf|reg[7][9]             ; Lost fanout        ;
; Datapath_RISC:dp|regFile:rf|reg[7][8]             ; Lost fanout        ;
; Datapath_RISC:dp|regFile:rf|reg[7][7]             ; Lost fanout        ;
; Datapath_RISC:dp|regFile:rf|reg[7][6]             ; Lost fanout        ;
; Datapath_RISC:dp|regFile:rf|reg[7][5]             ; Lost fanout        ;
; Datapath_RISC:dp|regFile:rf|reg[7][4]             ; Lost fanout        ;
; Datapath_RISC:dp|regFile:rf|reg[7][3]             ; Lost fanout        ;
; Datapath_RISC:dp|regFile:rf|reg[7][2]             ; Lost fanout        ;
; Datapath_RISC:dp|regFile:rf|reg[7][1]             ; Lost fanout        ;
; Datapath_RISC:dp|regFile:rf|reg[7][0]             ; Lost fanout        ;
; Datapath_RISC:dp|regFile:rf|reg[0][15]            ; Lost fanout        ;
; Datapath_RISC:dp|regFile:rf|reg[1][15]            ; Lost fanout        ;
; Datapath_RISC:dp|regFile:rf|reg[2][15]            ; Lost fanout        ;
; Datapath_RISC:dp|regFile:rf|reg[3][15]            ; Lost fanout        ;
; Datapath_RISC:dp|regFile:rf|reg[4][15]            ; Lost fanout        ;
; Datapath_RISC:dp|regFile:rf|reg[5][15]            ; Lost fanout        ;
; Datapath_RISC:dp|regFile:rf|reg[6][15]            ; Lost fanout        ;
; Datapath_RISC:dp|regFile:rf|reg[0][14]            ; Lost fanout        ;
; Datapath_RISC:dp|regFile:rf|reg[1][14]            ; Lost fanout        ;
; Datapath_RISC:dp|regFile:rf|reg[2][14]            ; Lost fanout        ;
; Datapath_RISC:dp|regFile:rf|reg[3][14]            ; Lost fanout        ;
; Datapath_RISC:dp|regFile:rf|reg[4][14]            ; Lost fanout        ;
; Datapath_RISC:dp|regFile:rf|reg[5][14]            ; Lost fanout        ;
; Datapath_RISC:dp|regFile:rf|reg[6][14]            ; Lost fanout        ;
; Datapath_RISC:dp|regFile:rf|reg[0][13]            ; Lost fanout        ;
; Datapath_RISC:dp|regFile:rf|reg[1][13]            ; Lost fanout        ;
; Datapath_RISC:dp|regFile:rf|reg[2][13]            ; Lost fanout        ;
; Datapath_RISC:dp|regFile:rf|reg[3][13]            ; Lost fanout        ;
; Datapath_RISC:dp|regFile:rf|reg[4][13]            ; Lost fanout        ;
; Datapath_RISC:dp|regFile:rf|reg[5][13]            ; Lost fanout        ;
; Datapath_RISC:dp|regFile:rf|reg[6][13]            ; Lost fanout        ;
; Datapath_RISC:dp|regFile:rf|reg[0][12]            ; Lost fanout        ;
; Datapath_RISC:dp|regFile:rf|reg[1][12]            ; Lost fanout        ;
; Datapath_RISC:dp|regFile:rf|reg[2][12]            ; Lost fanout        ;
; Datapath_RISC:dp|regFile:rf|reg[3][12]            ; Lost fanout        ;
; Datapath_RISC:dp|regFile:rf|reg[4][12]            ; Lost fanout        ;
; Datapath_RISC:dp|regFile:rf|reg[5][12]            ; Lost fanout        ;
; Datapath_RISC:dp|regFile:rf|reg[6][12]            ; Lost fanout        ;
; Datapath_RISC:dp|regFile:rf|reg[0][11]            ; Lost fanout        ;
; Datapath_RISC:dp|regFile:rf|reg[1][11]            ; Lost fanout        ;
; Datapath_RISC:dp|regFile:rf|reg[2][11]            ; Lost fanout        ;
; Datapath_RISC:dp|regFile:rf|reg[3][11]            ; Lost fanout        ;
; Datapath_RISC:dp|regFile:rf|reg[4][11]            ; Lost fanout        ;
; Datapath_RISC:dp|regFile:rf|reg[5][11]            ; Lost fanout        ;
; Datapath_RISC:dp|regFile:rf|reg[6][11]            ; Lost fanout        ;
; Datapath_RISC:dp|regFile:rf|reg[0][10]            ; Lost fanout        ;
; Datapath_RISC:dp|regFile:rf|reg[1][10]            ; Lost fanout        ;
; Datapath_RISC:dp|regFile:rf|reg[2][10]            ; Lost fanout        ;
; Datapath_RISC:dp|regFile:rf|reg[3][10]            ; Lost fanout        ;
; Datapath_RISC:dp|regFile:rf|reg[4][10]            ; Lost fanout        ;
; Datapath_RISC:dp|regFile:rf|reg[5][10]            ; Lost fanout        ;
; Datapath_RISC:dp|regFile:rf|reg[6][10]            ; Lost fanout        ;
; Datapath_RISC:dp|regFile:rf|reg[0][9]             ; Lost fanout        ;
; Datapath_RISC:dp|regFile:rf|reg[1][9]             ; Lost fanout        ;
; Datapath_RISC:dp|regFile:rf|reg[2][9]             ; Lost fanout        ;
; Datapath_RISC:dp|regFile:rf|reg[3][9]             ; Lost fanout        ;
; Datapath_RISC:dp|regFile:rf|reg[4][9]             ; Lost fanout        ;
; Datapath_RISC:dp|regFile:rf|reg[5][9]             ; Lost fanout        ;
; Datapath_RISC:dp|regFile:rf|reg[6][9]             ; Lost fanout        ;
; Datapath_RISC:dp|regFile:rf|reg[0][8]             ; Lost fanout        ;
; Datapath_RISC:dp|regFile:rf|reg[1][8]             ; Lost fanout        ;
; Datapath_RISC:dp|regFile:rf|reg[2][8]             ; Lost fanout        ;
; Datapath_RISC:dp|regFile:rf|reg[3][8]             ; Lost fanout        ;
; Datapath_RISC:dp|regFile:rf|reg[4][8]             ; Lost fanout        ;
; Datapath_RISC:dp|regFile:rf|reg[5][8]             ; Lost fanout        ;
; Datapath_RISC:dp|regFile:rf|reg[6][8]             ; Lost fanout        ;
; Datapath_RISC:dp|regFile:rf|reg[0][7]             ; Lost fanout        ;
; Datapath_RISC:dp|regFile:rf|reg[1][7]             ; Lost fanout        ;
; Datapath_RISC:dp|regFile:rf|reg[2][7]             ; Lost fanout        ;
; Datapath_RISC:dp|regFile:rf|reg[3][7]             ; Lost fanout        ;
; Datapath_RISC:dp|regFile:rf|reg[4][7]             ; Lost fanout        ;
; Datapath_RISC:dp|regFile:rf|reg[5][7]             ; Lost fanout        ;
; Datapath_RISC:dp|regFile:rf|reg[6][7]             ; Lost fanout        ;
; Datapath_RISC:dp|regFile:rf|reg[0][6]             ; Lost fanout        ;
; Datapath_RISC:dp|regFile:rf|reg[1][6]             ; Lost fanout        ;
; Datapath_RISC:dp|regFile:rf|reg[2][6]             ; Lost fanout        ;
; Datapath_RISC:dp|regFile:rf|reg[3][6]             ; Lost fanout        ;
; Datapath_RISC:dp|regFile:rf|reg[4][6]             ; Lost fanout        ;
; Datapath_RISC:dp|regFile:rf|reg[5][6]             ; Lost fanout        ;
; Datapath_RISC:dp|regFile:rf|reg[6][6]             ; Lost fanout        ;
; Datapath_RISC:dp|regFile:rf|reg[0][5]             ; Lost fanout        ;
; Datapath_RISC:dp|regFile:rf|reg[1][5]             ; Lost fanout        ;
; Datapath_RISC:dp|regFile:rf|reg[2][5]             ; Lost fanout        ;
; Datapath_RISC:dp|regFile:rf|reg[3][5]             ; Lost fanout        ;
; Datapath_RISC:dp|regFile:rf|reg[4][5]             ; Lost fanout        ;
; Datapath_RISC:dp|regFile:rf|reg[5][5]             ; Lost fanout        ;
; Datapath_RISC:dp|regFile:rf|reg[6][5]             ; Lost fanout        ;
; Datapath_RISC:dp|regFile:rf|reg[0][4]             ; Lost fanout        ;
; Datapath_RISC:dp|regFile:rf|reg[1][4]             ; Lost fanout        ;
; Datapath_RISC:dp|regFile:rf|reg[2][4]             ; Lost fanout        ;
; Datapath_RISC:dp|regFile:rf|reg[3][4]             ; Lost fanout        ;
; Datapath_RISC:dp|regFile:rf|reg[4][4]             ; Lost fanout        ;
; Datapath_RISC:dp|regFile:rf|reg[5][4]             ; Lost fanout        ;
; Datapath_RISC:dp|regFile:rf|reg[6][4]             ; Lost fanout        ;
; Datapath_RISC:dp|regFile:rf|reg[0][3]             ; Lost fanout        ;
; Datapath_RISC:dp|regFile:rf|reg[1][3]             ; Lost fanout        ;
; Datapath_RISC:dp|regFile:rf|reg[2][3]             ; Lost fanout        ;
; Datapath_RISC:dp|regFile:rf|reg[3][3]             ; Lost fanout        ;
; Datapath_RISC:dp|regFile:rf|reg[4][3]             ; Lost fanout        ;
; Datapath_RISC:dp|regFile:rf|reg[5][3]             ; Lost fanout        ;
; Datapath_RISC:dp|regFile:rf|reg[6][3]             ; Lost fanout        ;
; Datapath_RISC:dp|regFile:rf|reg[0][2]             ; Lost fanout        ;
; Datapath_RISC:dp|regFile:rf|reg[1][2]             ; Lost fanout        ;
; Datapath_RISC:dp|regFile:rf|reg[2][2]             ; Lost fanout        ;
; Datapath_RISC:dp|regFile:rf|reg[3][2]             ; Lost fanout        ;
; Datapath_RISC:dp|regFile:rf|reg[4][2]             ; Lost fanout        ;
; Datapath_RISC:dp|regFile:rf|reg[5][2]             ; Lost fanout        ;
; Datapath_RISC:dp|regFile:rf|reg[6][2]             ; Lost fanout        ;
; Datapath_RISC:dp|regFile:rf|reg[0][1]             ; Lost fanout        ;
; Datapath_RISC:dp|regFile:rf|reg[1][1]             ; Lost fanout        ;
; Datapath_RISC:dp|regFile:rf|reg[2][1]             ; Lost fanout        ;
; Datapath_RISC:dp|regFile:rf|reg[3][1]             ; Lost fanout        ;
; Datapath_RISC:dp|regFile:rf|reg[4][1]             ; Lost fanout        ;
; Datapath_RISC:dp|regFile:rf|reg[5][1]             ; Lost fanout        ;
; Datapath_RISC:dp|regFile:rf|reg[6][1]             ; Lost fanout        ;
; Datapath_RISC:dp|regFile:rf|reg[0][0]             ; Lost fanout        ;
; Datapath_RISC:dp|regFile:rf|reg[1][0]             ; Lost fanout        ;
; Datapath_RISC:dp|regFile:rf|reg[2][0]             ; Lost fanout        ;
; Datapath_RISC:dp|regFile:rf|reg[3][0]             ; Lost fanout        ;
; Datapath_RISC:dp|regFile:rf|reg[4][0]             ; Lost fanout        ;
; Datapath_RISC:dp|regFile:rf|reg[5][0]             ; Lost fanout        ;
; Datapath_RISC:dp|regFile:rf|reg[6][0]             ; Lost fanout        ;
; Datapath_RISC:dp|dataRegister:ir|Dout[9..11]      ; Lost fanout        ;
; Datapath_RISC:dp|dataRegister:pc|Dout[0..15]      ; Lost fanout        ;
; Datapath_RISC:dp|dataRegister:t4|Dout[0..6,15]    ; Lost fanout        ;
; controlpath:cp|state.s0                           ; Lost fanout        ;
; controlpath:cp|state.s1                           ; Lost fanout        ;
; controlpath:cp|state.s2                           ; Lost fanout        ;
; controlpath:cp|state.s3                           ; Lost fanout        ;
; controlpath:cp|state.s4                           ; Lost fanout        ;
; controlpath:cp|state.s5                           ; Lost fanout        ;
; controlpath:cp|state.s6                           ; Lost fanout        ;
; controlpath:cp|state.s7                           ; Lost fanout        ;
; controlpath:cp|state.s8                           ; Lost fanout        ;
; controlpath:cp|state.s9                           ; Lost fanout        ;
; controlpath:cp|state.s10                          ; Lost fanout        ;
; controlpath:cp|state.s11                          ; Lost fanout        ;
; controlpath:cp|state.s12                          ; Lost fanout        ;
; controlpath:cp|state.s13                          ; Lost fanout        ;
; controlpath:cp|state.s14                          ; Lost fanout        ;
; controlpath:cp|state.s15                          ; Lost fanout        ;
; Total Number of Removed Registers = 240           ;                    ;
+---------------------------------------------------+--------------------+


+------------------------------------------------------------------------------------------------------------------------------------------------------+
; Removed Registers Triggering Further Register Optimizations                                                                                          ;
+-------------------------------------------+--------------------+-------------------------------------------------------------------------------------+
; Register name                             ; Reason for Removal ; Registers Removed due to This Register                                              ;
+-------------------------------------------+--------------------+-------------------------------------------------------------------------------------+
; Datapath_RISC:dp|dataRegister:t4|Dout[14] ; Lost Fanouts       ; Datapath_RISC:dp|dataRegister:ir|Dout[12],                                          ;
;                                           ;                    ; Datapath_RISC:dp|dataRegister:ir|Dout[13],                                          ;
;                                           ;                    ; Datapath_RISC:dp|dataRegister:ir|Dout[14],                                          ;
;                                           ;                    ; Datapath_RISC:dp|dataRegister:ir|Dout[15],                                          ;
;                                           ;                    ; Datapath_RISC:dp|dataRegister:t3|Dout[7], Datapath_RISC:dp|dataRegister:t3|Dout[6], ;
;                                           ;                    ; Datapath_RISC:dp|dataRegister:t3|Dout[5], Datapath_RISC:dp|dataRegister:t3|Dout[4], ;
;                                           ;                    ; Datapath_RISC:dp|dataRegister:t3|Dout[3], Datapath_RISC:dp|dataRegister:t3|Dout[2], ;
;                                           ;                    ; Datapath_RISC:dp|dataRegister:t3|Dout[1], Datapath_RISC:dp|dataRegister:t3|Dout[0], ;
;                                           ;                    ; Datapath_RISC:dp|dataRegister:t2|Dout[6], Datapath_RISC:dp|dataRegister:t2|Dout[5], ;
;                                           ;                    ; Datapath_RISC:dp|dataRegister:t2|Dout[4], Datapath_RISC:dp|dataRegister:t2|Dout[3], ;
;                                           ;                    ; Datapath_RISC:dp|dataRegister:t2|Dout[2], Datapath_RISC:dp|dataRegister:t2|Dout[1], ;
;                                           ;                    ; Datapath_RISC:dp|dataRegister:t2|Dout[0], Datapath_RISC:dp|dataRegister:ir|Dout[7], ;
;                                           ;                    ; Datapath_RISC:dp|dataRegister:ir|Dout[5], Datapath_RISC:dp|dataRegister:ir|Dout[8], ;
;                                           ;                    ; Datapath_RISC:dp|regFile:rf|reg[7][7], Datapath_RISC:dp|regFile:rf|reg[7][6],       ;
;                                           ;                    ; Datapath_RISC:dp|regFile:rf|reg[7][5], Datapath_RISC:dp|regFile:rf|reg[7][4],       ;
;                                           ;                    ; Datapath_RISC:dp|regFile:rf|reg[7][3], Datapath_RISC:dp|regFile:rf|reg[7][2],       ;
;                                           ;                    ; Datapath_RISC:dp|regFile:rf|reg[7][1], Datapath_RISC:dp|regFile:rf|reg[7][0],       ;
;                                           ;                    ; Datapath_RISC:dp|regFile:rf|reg[0][7], Datapath_RISC:dp|regFile:rf|reg[1][7],       ;
;                                           ;                    ; Datapath_RISC:dp|regFile:rf|reg[0][6], Datapath_RISC:dp|regFile:rf|reg[1][6],       ;
;                                           ;                    ; Datapath_RISC:dp|regFile:rf|reg[0][5], Datapath_RISC:dp|regFile:rf|reg[1][5],       ;
;                                           ;                    ; Datapath_RISC:dp|regFile:rf|reg[0][4], Datapath_RISC:dp|regFile:rf|reg[1][4],       ;
;                                           ;                    ; Datapath_RISC:dp|regFile:rf|reg[0][3], Datapath_RISC:dp|regFile:rf|reg[1][3],       ;
;                                           ;                    ; Datapath_RISC:dp|regFile:rf|reg[0][2], Datapath_RISC:dp|regFile:rf|reg[1][2],       ;
;                                           ;                    ; Datapath_RISC:dp|regFile:rf|reg[0][1], Datapath_RISC:dp|regFile:rf|reg[1][1],       ;
;                                           ;                    ; Datapath_RISC:dp|regFile:rf|reg[0][0], Datapath_RISC:dp|regFile:rf|reg[1][0],       ;
;                                           ;                    ; Datapath_RISC:dp|dataRegister:pc|Dout[7], Datapath_RISC:dp|dataRegister:pc|Dout[6], ;
;                                           ;                    ; Datapath_RISC:dp|dataRegister:pc|Dout[5], Datapath_RISC:dp|dataRegister:pc|Dout[4], ;
;                                           ;                    ; Datapath_RISC:dp|dataRegister:pc|Dout[3], Datapath_RISC:dp|dataRegister:pc|Dout[2], ;
;                                           ;                    ; Datapath_RISC:dp|dataRegister:pc|Dout[1], Datapath_RISC:dp|dataRegister:pc|Dout[0], ;
;                                           ;                    ; Datapath_RISC:dp|dataRegister:t4|Dout[6], Datapath_RISC:dp|dataRegister:t4|Dout[5], ;
;                                           ;                    ; Datapath_RISC:dp|dataRegister:t4|Dout[4], Datapath_RISC:dp|dataRegister:t4|Dout[3], ;
;                                           ;                    ; Datapath_RISC:dp|dataRegister:t4|Dout[2], Datapath_RISC:dp|dataRegister:t4|Dout[1], ;
;                                           ;                    ; Datapath_RISC:dp|dataRegister:t4|Dout[0], controlpath:cp|state.s1,                  ;
;                                           ;                    ; controlpath:cp|state.s2, controlpath:cp|state.s6, controlpath:cp|state.s8,          ;
;                                           ;                    ; controlpath:cp|state.s10, controlpath:cp|state.s13                                  ;
; Datapath_RISC:dp|dataRegister:t3|Dout[15] ; Lost Fanouts       ; Datapath_RISC:dp|regFile:rf|reg[7][15], Datapath_RISC:dp|regFile:rf|reg[0][15],     ;
;                                           ;                    ; Datapath_RISC:dp|regFile:rf|reg[1][15], Datapath_RISC:dp|dataRegister:pc|Dout[15],  ;
;                                           ;                    ; controlpath:cp|state.s3, controlpath:cp|state.s4, controlpath:cp|state.s5,          ;
;                                           ;                    ; controlpath:cp|state.s7, controlpath:cp|state.s9, controlpath:cp|state.s14,         ;
;                                           ;                    ; controlpath:cp|state.s15                                                            ;
; Datapath_RISC:dp|dataRegister:t2|Dout[15] ; Lost Fanouts       ; Datapath_RISC:dp|dataRegister:ir|Dout[9],                                           ;
;                                           ;                    ; Datapath_RISC:dp|dataRegister:ir|Dout[10],                                          ;
;                                           ;                    ; Datapath_RISC:dp|dataRegister:ir|Dout[11],                                          ;
;                                           ;                    ; Datapath_RISC:dp|dataRegister:t4|Dout[15], controlpath:cp|state.s12                 ;
; Datapath_RISC:dp|dataRegister:t1|Dout[1]  ; Lost Fanouts       ; Datapath_RISC:dp|regFile:rf|reg[2][1], Datapath_RISC:dp|regFile:rf|reg[3][1],       ;
;                                           ;                    ; Datapath_RISC:dp|regFile:rf|reg[4][1], Datapath_RISC:dp|regFile:rf|reg[5][1]        ;
; Datapath_RISC:dp|dataRegister:t1|Dout[2]  ; Lost Fanouts       ; Datapath_RISC:dp|regFile:rf|reg[2][2], Datapath_RISC:dp|regFile:rf|reg[3][2],       ;
;                                           ;                    ; Datapath_RISC:dp|regFile:rf|reg[4][2], Datapath_RISC:dp|regFile:rf|reg[5][2]        ;
; Datapath_RISC:dp|dataRegister:t1|Dout[3]  ; Lost Fanouts       ; Datapath_RISC:dp|regFile:rf|reg[2][3], Datapath_RISC:dp|regFile:rf|reg[3][3],       ;
;                                           ;                    ; Datapath_RISC:dp|regFile:rf|reg[4][3], Datapath_RISC:dp|regFile:rf|reg[5][3]        ;
; Datapath_RISC:dp|dataRegister:t1|Dout[0]  ; Lost Fanouts       ; Datapath_RISC:dp|regFile:rf|reg[2][0], Datapath_RISC:dp|regFile:rf|reg[3][0],       ;
;                                           ;                    ; Datapath_RISC:dp|regFile:rf|reg[4][0], Datapath_RISC:dp|regFile:rf|reg[5][0]        ;
; Datapath_RISC:dp|dataRegister:t1|Dout[4]  ; Lost Fanouts       ; Datapath_RISC:dp|regFile:rf|reg[2][4], Datapath_RISC:dp|regFile:rf|reg[3][4],       ;
;                                           ;                    ; Datapath_RISC:dp|regFile:rf|reg[4][4], Datapath_RISC:dp|regFile:rf|reg[5][4]        ;
; Datapath_RISC:dp|dataRegister:t1|Dout[5]  ; Lost Fanouts       ; Datapath_RISC:dp|regFile:rf|reg[2][5], Datapath_RISC:dp|regFile:rf|reg[3][5],       ;
;                                           ;                    ; Datapath_RISC:dp|regFile:rf|reg[4][5], Datapath_RISC:dp|regFile:rf|reg[5][5]        ;
; Datapath_RISC:dp|dataRegister:t1|Dout[6]  ; Lost Fanouts       ; Datapath_RISC:dp|regFile:rf|reg[2][6], Datapath_RISC:dp|regFile:rf|reg[3][6],       ;
;                                           ;                    ; Datapath_RISC:dp|regFile:rf|reg[4][6], Datapath_RISC:dp|regFile:rf|reg[5][6]        ;
; Datapath_RISC:dp|dataRegister:t1|Dout[7]  ; Lost Fanouts       ; Datapath_RISC:dp|regFile:rf|reg[2][7], Datapath_RISC:dp|regFile:rf|reg[3][7],       ;
;                                           ;                    ; Datapath_RISC:dp|regFile:rf|reg[4][7], Datapath_RISC:dp|regFile:rf|reg[5][7]        ;
; Datapath_RISC:dp|dataRegister:t1|Dout[8]  ; Lost Fanouts       ; Datapath_RISC:dp|regFile:rf|reg[2][8], Datapath_RISC:dp|regFile:rf|reg[3][8],       ;
;                                           ;                    ; Datapath_RISC:dp|regFile:rf|reg[4][8], Datapath_RISC:dp|regFile:rf|reg[5][8]        ;
; Datapath_RISC:dp|dataRegister:t3|Dout[8]  ; Lost Fanouts       ; Datapath_RISC:dp|regFile:rf|reg[7][8], Datapath_RISC:dp|regFile:rf|reg[0][8],       ;
;                                           ;                    ; Datapath_RISC:dp|regFile:rf|reg[1][8], Datapath_RISC:dp|dataRegister:pc|Dout[8]     ;
; Datapath_RISC:dp|dataRegister:t1|Dout[9]  ; Lost Fanouts       ; Datapath_RISC:dp|regFile:rf|reg[2][9], Datapath_RISC:dp|regFile:rf|reg[3][9],       ;
;                                           ;                    ; Datapath_RISC:dp|regFile:rf|reg[4][9], Datapath_RISC:dp|regFile:rf|reg[5][9]        ;
; Datapath_RISC:dp|dataRegister:t3|Dout[9]  ; Lost Fanouts       ; Datapath_RISC:dp|regFile:rf|reg[7][9], Datapath_RISC:dp|regFile:rf|reg[0][9],       ;
;                                           ;                    ; Datapath_RISC:dp|regFile:rf|reg[1][9], Datapath_RISC:dp|dataRegister:pc|Dout[9]     ;
; Datapath_RISC:dp|dataRegister:t1|Dout[11] ; Lost Fanouts       ; Datapath_RISC:dp|regFile:rf|reg[2][11], Datapath_RISC:dp|regFile:rf|reg[3][11],     ;
;                                           ;                    ; Datapath_RISC:dp|regFile:rf|reg[4][11], Datapath_RISC:dp|regFile:rf|reg[5][11]      ;
; Datapath_RISC:dp|dataRegister:t1|Dout[10] ; Lost Fanouts       ; Datapath_RISC:dp|regFile:rf|reg[2][10], Datapath_RISC:dp|regFile:rf|reg[3][10],     ;
;                                           ;                    ; Datapath_RISC:dp|regFile:rf|reg[4][10], Datapath_RISC:dp|regFile:rf|reg[5][10]      ;
; Datapath_RISC:dp|dataRegister:t3|Dout[10] ; Lost Fanouts       ; Datapath_RISC:dp|regFile:rf|reg[7][10], Datapath_RISC:dp|regFile:rf|reg[0][10],     ;
;                                           ;                    ; Datapath_RISC:dp|regFile:rf|reg[1][10], Datapath_RISC:dp|dataRegister:pc|Dout[10]   ;
; Datapath_RISC:dp|dataRegister:t3|Dout[11] ; Lost Fanouts       ; Datapath_RISC:dp|regFile:rf|reg[7][11], Datapath_RISC:dp|regFile:rf|reg[0][11],     ;
;                                           ;                    ; Datapath_RISC:dp|regFile:rf|reg[1][11], Datapath_RISC:dp|dataRegister:pc|Dout[11]   ;
; Datapath_RISC:dp|dataRegister:t1|Dout[12] ; Lost Fanouts       ; Datapath_RISC:dp|regFile:rf|reg[2][12], Datapath_RISC:dp|regFile:rf|reg[3][12],     ;
;                                           ;                    ; Datapath_RISC:dp|regFile:rf|reg[4][12], Datapath_RISC:dp|regFile:rf|reg[5][12]      ;
; Datapath_RISC:dp|dataRegister:t3|Dout[12] ; Lost Fanouts       ; Datapath_RISC:dp|regFile:rf|reg[7][12], Datapath_RISC:dp|regFile:rf|reg[0][12],     ;
;                                           ;                    ; Datapath_RISC:dp|regFile:rf|reg[1][12], Datapath_RISC:dp|dataRegister:pc|Dout[12]   ;
; Datapath_RISC:dp|dataRegister:t1|Dout[13] ; Lost Fanouts       ; Datapath_RISC:dp|regFile:rf|reg[2][13], Datapath_RISC:dp|regFile:rf|reg[3][13],     ;
;                                           ;                    ; Datapath_RISC:dp|regFile:rf|reg[4][13], Datapath_RISC:dp|regFile:rf|reg[5][13]      ;
; Datapath_RISC:dp|dataRegister:t3|Dout[13] ; Lost Fanouts       ; Datapath_RISC:dp|regFile:rf|reg[7][13], Datapath_RISC:dp|regFile:rf|reg[0][13],     ;
;                                           ;                    ; Datapath_RISC:dp|regFile:rf|reg[1][13], Datapath_RISC:dp|dataRegister:pc|Dout[13]   ;
; Datapath_RISC:dp|dataRegister:t1|Dout[14] ; Lost Fanouts       ; Datapath_RISC:dp|regFile:rf|reg[2][14], Datapath_RISC:dp|regFile:rf|reg[3][14],     ;
;                                           ;                    ; Datapath_RISC:dp|regFile:rf|reg[4][14], Datapath_RISC:dp|regFile:rf|reg[5][14]      ;
; Datapath_RISC:dp|dataRegister:t3|Dout[14] ; Lost Fanouts       ; Datapath_RISC:dp|regFile:rf|reg[7][14], Datapath_RISC:dp|regFile:rf|reg[0][14],     ;
;                                           ;                    ; Datapath_RISC:dp|regFile:rf|reg[1][14], Datapath_RISC:dp|dataRegister:pc|Dout[14]   ;
; Datapath_RISC:dp|dataRegister:t1|Dout[15] ; Lost Fanouts       ; Datapath_RISC:dp|regFile:rf|reg[2][15], Datapath_RISC:dp|regFile:rf|reg[3][15],     ;
;                                           ;                    ; Datapath_RISC:dp|regFile:rf|reg[4][15], Datapath_RISC:dp|regFile:rf|reg[5][15]      ;
; Datapath_RISC:dp|dataRegister:t4|Dout[8]  ; Lost Fanouts       ; Datapath_RISC:dp|dataRegister:t4|Dout[7], Datapath_RISC:dp|dataRegister:ir|Dout[0], ;
;                                           ;                    ; Datapath_RISC:dp|dataRegister:ir|Dout[1]                                            ;
; Datapath_RISC:dp|dataRegister:t4|Dout[9]  ; Lost Fanouts       ; Datapath_RISC:dp|dataRegister:ir|Dout[2]                                            ;
; Datapath_RISC:dp|dataRegister:t4|Dout[10] ; Lost Fanouts       ; Datapath_RISC:dp|dataRegister:ir|Dout[3]                                            ;
; Datapath_RISC:dp|dataRegister:t4|Dout[11] ; Lost Fanouts       ; Datapath_RISC:dp|dataRegister:ir|Dout[4]                                            ;
; Datapath_RISC:dp|dataRegister:t4|Dout[13] ; Lost Fanouts       ; Datapath_RISC:dp|dataRegister:ir|Dout[6]                                            ;
+-------------------------------------------+--------------------+-------------------------------------------------------------------------------------+


+------------------------------------------------------+
; General Register Statistics                          ;
+----------------------------------------------+-------+
; Statistic                                    ; Value ;
+----------------------------------------------+-------+
; Total registers                              ; 0     ;
; Number of registers using Synchronous Clear  ; 0     ;
; Number of registers using Synchronous Load   ; 0     ;
; Number of registers using Asynchronous Clear ; 0     ;
; Number of registers using Asynchronous Load  ; 0     ;
; Number of registers using Clock Enable       ; 0     ;
; Number of registers using Preset             ; 0     ;
+----------------------------------------------+-------+


+---------------------------------------------------------------------------------------------------------------------------------------------------------------+
; Multiplexer Restructuring Statistics (Restructuring Performed)                                                                                                ;
+--------------------+-----------+---------------+----------------------+------------------------+------------+-------------------------------------------------+
; Multiplexer Inputs ; Bus Width ; Baseline Area ; Area if Restructured ; Saving if Restructured ; Registered ; Example Multiplexer Output                      ;
+--------------------+-----------+---------------+----------------------+------------------------+------------+-------------------------------------------------+
; 3:1                ; 16 bits   ; 32 LEs        ; 16 LEs               ; 16 LEs                 ; Yes        ; |RISC1|Datapath_RISC:dp|regFile:rf|reg[0][10]   ;
; 3:1                ; 16 bits   ; 32 LEs        ; 16 LEs               ; 16 LEs                 ; Yes        ; |RISC1|Datapath_RISC:dp|regFile:rf|reg[1][14]   ;
; 3:1                ; 16 bits   ; 32 LEs        ; 16 LEs               ; 16 LEs                 ; Yes        ; |RISC1|Datapath_RISC:dp|regFile:rf|reg[2][15]   ;
; 3:1                ; 16 bits   ; 32 LEs        ; 16 LEs               ; 16 LEs                 ; Yes        ; |RISC1|Datapath_RISC:dp|regFile:rf|reg[3][4]    ;
; 3:1                ; 16 bits   ; 32 LEs        ; 16 LEs               ; 16 LEs                 ; Yes        ; |RISC1|Datapath_RISC:dp|regFile:rf|reg[4][13]   ;
; 3:1                ; 16 bits   ; 32 LEs        ; 16 LEs               ; 16 LEs                 ; Yes        ; |RISC1|Datapath_RISC:dp|regFile:rf|reg[5][2]    ;
; 3:1                ; 16 bits   ; 32 LEs        ; 16 LEs               ; 16 LEs                 ; Yes        ; |RISC1|Datapath_RISC:dp|regFile:rf|reg[6][6]    ;
; 4:1                ; 16 bits   ; 32 LEs        ; 32 LEs               ; 0 LEs                  ; Yes        ; |RISC1|Datapath_RISC:dp|regFile:rf|reg[7][8]    ;
; 9:1                ; 16 bits   ; 96 LEs        ; 96 LEs               ; 0 LEs                  ; Yes        ; |RISC1|Datapath_RISC:dp|dataRegister:t2|Dout[9] ;
; 4:1                ; 16 bits   ; 32 LEs        ; 32 LEs               ; 0 LEs                  ; No         ; |RISC1|Datapath_RISC:dp|Alu_1[10]               ;
; 4:1                ; 3 bits    ; 6 LEs         ; 6 LEs                ; 0 LEs                  ; No         ; |RISC1|Datapath_RISC:dp|RF_A3[2]                ;
; 3:1                ; 16 bits   ; 32 LEs        ; 32 LEs               ; 0 LEs                  ; No         ; |RISC1|Datapath_RISC:dp|Alu_2[12]               ;
; 8:1                ; 16 bits   ; 80 LEs        ; 80 LEs               ; 0 LEs                  ; No         ; |RISC1|Datapath_RISC:dp|regFile:rf|Mux9         ;
; 3:1                ; 7 bits    ; 14 LEs        ; 14 LEs               ; 0 LEs                  ; No         ; |RISC1|Datapath_RISC:dp|T4_in[4]                ;
; 3:1                ; 16 bits   ; 32 LEs        ; 32 LEs               ; 0 LEs                  ; No         ; |RISC1|Datapath_RISC:dp|Mem_A[0]                ;
; 3:1                ; 16 bits   ; 32 LEs        ; 32 LEs               ; 0 LEs                  ; No         ; |RISC1|Datapath_RISC:dp|RF_D3[0]                ;
; 5:1                ; 2 bits    ; 6 LEs         ; 2 LEs                ; 4 LEs                  ; No         ; |RISC1|Datapath_RISC:dp|PE:pr_enc|v             ;
; 4:1                ; 16 bits   ; 32 LEs        ; 32 LEs               ; 0 LEs                  ; No         ; |RISC1|Datapath_RISC:dp|T3_in[13]               ;
; 5:1                ; 2 bits    ; 6 LEs         ; 6 LEs                ; 0 LEs                  ; No         ; |RISC1|controlpath:cp|next_state                ;
; 18:1               ; 6 bits    ; 72 LEs        ; 18 LEs               ; 54 LEs                 ; No         ; |RISC1|controlpath:cp|next_state                ;
+--------------------+-----------+---------------+----------------------+------------------------+------------+-------------------------------------------------+


+-------------------------------------------------------------------------------+
; Parameter Settings for User Entity Instance: Datapath_RISC:dp|dataRegister:t1 ;
+----------------+-------+------------------------------------------------------+
; Parameter Name ; Value ; Type                                                 ;
+----------------+-------+------------------------------------------------------+
; data_width     ; 16    ; Signed Integer                                       ;
+----------------+-------+------------------------------------------------------+
Note: In order to hide this table in the UI and the text report file, please set the "Show Parameter Settings in Synthesis Report" option in "Analysis and Synthesis Settings -> More Settings" to "Off".


+-------------------------------------------------------------------------------+
; Parameter Settings for User Entity Instance: Datapath_RISC:dp|dataRegister:t2 ;
+----------------+-------+------------------------------------------------------+
; Parameter Name ; Value ; Type                                                 ;
+----------------+-------+------------------------------------------------------+
; data_width     ; 16    ; Signed Integer                                       ;
+----------------+-------+------------------------------------------------------+
Note: In order to hide this table in the UI and the text report file, please set the "Show Parameter Settings in Synthesis Report" option in "Analysis and Synthesis Settings -> More Settings" to "Off".


+-------------------------------------------------------------------------------+
; Parameter Settings for User Entity Instance: Datapath_RISC:dp|dataRegister:t3 ;
+----------------+-------+------------------------------------------------------+
; Parameter Name ; Value ; Type                                                 ;
+----------------+-------+------------------------------------------------------+
; data_width     ; 16    ; Signed Integer                                       ;
+----------------+-------+------------------------------------------------------+
Note: In order to hide this table in the UI and the text report file, please set the "Show Parameter Settings in Synthesis Report" option in "Analysis and Synthesis Settings -> More Settings" to "Off".


+-------------------------------------------------------------------------------+
; Parameter Settings for User Entity Instance: Datapath_RISC:dp|dataRegister:t4 ;
+----------------+-------+------------------------------------------------------+
; Parameter Name ; Value ; Type                                                 ;
+----------------+-------+------------------------------------------------------+
; data_width     ; 16    ; Signed Integer                                       ;
+----------------+-------+------------------------------------------------------+
Note: In order to hide this table in the UI and the text report file, please set the "Show Parameter Settings in Synthesis Report" option in "Analysis and Synthesis Settings -> More Settings" to "Off".


+-------------------------------------------------------------------------------+
; Parameter Settings for User Entity Instance: Datapath_RISC:dp|dataRegister:ir ;
+----------------+-------+------------------------------------------------------+
; Parameter Name ; Value ; Type                                                 ;
+----------------+-------+------------------------------------------------------+
; data_width     ; 16    ; Signed Integer                                       ;
+----------------+-------+------------------------------------------------------+
Note: In order to hide this table in the UI and the text report file, please set the "Show Parameter Settings in Synthesis Report" option in "Analysis and Synthesis Settings -> More Settings" to "Off".


+-------------------------------------------------------------------------------+
; Parameter Settings for User Entity Instance: Datapath_RISC:dp|dataRegister:pc ;
+----------------+-------+------------------------------------------------------+
; Parameter Name ; Value ; Type                                                 ;
+----------------+-------+------------------------------------------------------+
; data_width     ; 16    ; Signed Integer                                       ;
+----------------+-------+------------------------------------------------------+
Note: In order to hide this table in the UI and the text report file, please set the "Show Parameter Settings in Synthesis Report" option in "Analysis and Synthesis Settings -> More Settings" to "Off".


+-----------------------------------------------------+
; Post-Synthesis Netlist Statistics for Top Partition ;
+-------------------+---------------------------------+
; Type              ; Count                           ;
+-------------------+---------------------------------+
; boundary_port     ; 2                               ;
;                   ;                                 ;
; Max LUT depth     ; 0.00                            ;
; Average LUT depth ; 0.00                            ;
+-------------------+---------------------------------+


+-------------------------------+
; Elapsed Time Per Partition    ;
+----------------+--------------+
; Partition Name ; Elapsed Time ;
+----------------+--------------+
; Top            ; 00:00:00     ;
+----------------+--------------+


+-------------------------------+
; Analysis & Synthesis Messages ;
+-------------------------------+
Info: *******************************************************************
Info: Running Quartus Prime Analysis & Synthesis
    Info: Version 15.1.0 Build 185 10/21/2015 SJ Lite Edition
    Info: Processing started: Mon Oct 24 20:23:32 2016
Info: Command: quartus_map --read_settings_files=on --write_settings_files=off RISC1 -c RISC1
Warning (20028): Parallel compilation is not licensed and has been disabled
Info (12021): Found 2 design units, including 1 entities, in source file DataPath_RISC.vhd
    Info (12022): Found design unit 1: DataPath_RISC-Build File: /home/virtualgod/Altera/RISC1/DataPath_RISC.vhd Line: 19
    Info (12023): Found entity 1: Datapath_RISC File: /home/virtualgod/Altera/RISC1/DataPath_RISC.vhd Line: 7
Info (12021): Found 2 design units, including 1 entities, in source file controlpath.vhdl
    Info (12022): Found design unit 1: controlpath-behaviour File: /home/virtualgod/Altera/RISC1/controlpath.vhdl Line: 13
    Info (12023): Found entity 1: controlpath File: /home/virtualgod/Altera/RISC1/controlpath.vhdl Line: 4
Info (12021): Found 1 design units, including 0 entities, in source file memPackage.vhd
    Info (12022): Found design unit 1: mem_package File: /home/virtualgod/Altera/RISC1/memPackage.vhd Line: 3
Info (12021): Found 2 design units, including 1 entities, in source file Comparator.vhd
    Info (12022): Found design unit 1: Comparator-Behave File: /home/virtualgod/Altera/RISC1/Comparator.vhd Line: 12
    Info (12023): Found entity 1: Comparator File: /home/virtualgod/Altera/RISC1/Comparator.vhd Line: 6
Info (12021): Found 1 design units, including 0 entities, in source file datapathComponents.vhd
    Info (12022): Found design unit 1: datapathComponents File: /home/virtualgod/Altera/RISC1/datapathComponents.vhd Line: 4
Info (12021): Found 2 design units, including 1 entities, in source file regFile.vhd
    Info (12022): Found design unit 1: regFile-Behave File: /home/virtualgod/Altera/RISC1/regFile.vhd Line: 16
    Info (12023): Found entity 1: regFile File: /home/virtualgod/Altera/RISC1/regFile.vhd Line: 7
Info (12021): Found 2 design units, including 1 entities, in source file dataRegister.vhd
    Info (12022): Found design unit 1: dataRegister-Behave File: /home/virtualgod/Altera/RISC1/dataRegister.vhd Line: 14
    Info (12023): Found entity 1: dataRegister File: /home/virtualgod/Altera/RISC1/dataRegister.vhd Line: 6
Info (12021): Found 2 design units, including 1 entities, in source file alu.vhd
    Info (12022): Found design unit 1: alu-Behave File: /home/virtualgod/Altera/RISC1/alu.vhd Line: 15
    Info (12023): Found entity 1: alu File: /home/virtualgod/Altera/RISC1/alu.vhd Line: 7
Info (12021): Found 2 design units, including 1 entities, in source file memory.vhd
    Info (12022): Found design unit 1: memory-Behave File: /home/virtualgod/Altera/RISC1/memory.vhd Line: 16
    Info (12023): Found entity 1: memory File: /home/virtualgod/Altera/RISC1/memory.vhd Line: 8
Info (12021): Found 2 design units, including 1 entities, in source file RISC1.vhd
    Info (12022): Found design unit 1: RISC1-Struct File: /home/virtualgod/Altera/RISC1/RISC1.vhd Line: 10
    Info (12023): Found entity 1: RISC1 File: /home/virtualgod/Altera/RISC1/RISC1.vhd Line: 6
Info (12021): Found 2 design units, including 1 entities, in source file PE.vhd
    Info (12022): Found design unit 1: PE-behave File: /home/virtualgod/Altera/RISC1/PE.vhd Line: 15
    Info (12023): Found entity 1: PE File: /home/virtualgod/Altera/RISC1/PE.vhd Line: 7
Info (12021): Found 1 design units, including 0 entities, in source file finalComponents.vhd
    Info (12022): Found design unit 1: finalComponents File: /home/virtualgod/Altera/RISC1/finalComponents.vhd Line: 4
Info (12127): Elaborating entity "RISC1" for the top level hierarchy
Info (12128): Elaborating entity "Datapath_RISC" for hierarchy "Datapath_RISC:dp" File: /home/virtualgod/Altera/RISC1/RISC1.vhd Line: 17
Info (10041): Inferred latch for "C" at DataPath_RISC.vhd(107) File: /home/virtualgod/Altera/RISC1/DataPath_RISC.vhd Line: 107
Info (10041): Inferred latch for "Alu_2[0]" at DataPath_RISC.vhd(101) File: /home/virtualgod/Altera/RISC1/DataPath_RISC.vhd Line: 101
Info (10041): Inferred latch for "Alu_2[1]" at DataPath_RISC.vhd(101) File: /home/virtualgod/Altera/RISC1/DataPath_RISC.vhd Line: 101
Info (10041): Inferred latch for "Alu_2[2]" at DataPath_RISC.vhd(101) File: /home/virtualgod/Altera/RISC1/DataPath_RISC.vhd Line: 101
Info (10041): Inferred latch for "Alu_2[3]" at DataPath_RISC.vhd(101) File: /home/virtualgod/Altera/RISC1/DataPath_RISC.vhd Line: 101
Info (10041): Inferred latch for "Alu_2[4]" at DataPath_RISC.vhd(101) File: /home/virtualgod/Altera/RISC1/DataPath_RISC.vhd Line: 101
Info (10041): Inferred latch for "Alu_2[5]" at DataPath_RISC.vhd(101) File: /home/virtualgod/Altera/RISC1/DataPath_RISC.vhd Line: 101
Info (10041): Inferred latch for "Alu_2[6]" at DataPath_RISC.vhd(101) File: /home/virtualgod/Altera/RISC1/DataPath_RISC.vhd Line: 101
Info (10041): Inferred latch for "Alu_2[7]" at DataPath_RISC.vhd(101) File: /home/virtualgod/Altera/RISC1/DataPath_RISC.vhd Line: 101
Info (10041): Inferred latch for "Alu_2[8]" at DataPath_RISC.vhd(101) File: /home/virtualgod/Altera/RISC1/DataPath_RISC.vhd Line: 101
Info (10041): Inferred latch for "Alu_2[9]" at DataPath_RISC.vhd(101) File: /home/virtualgod/Altera/RISC1/DataPath_RISC.vhd Line: 101
Info (10041): Inferred latch for "Alu_2[10]" at DataPath_RISC.vhd(101) File: /home/virtualgod/Altera/RISC1/DataPath_RISC.vhd Line: 101
Info (10041): Inferred latch for "Alu_2[11]" at DataPath_RISC.vhd(101) File: /home/virtualgod/Altera/RISC1/DataPath_RISC.vhd Line: 101
Info (10041): Inferred latch for "Alu_2[12]" at DataPath_RISC.vhd(101) File: /home/virtualgod/Altera/RISC1/DataPath_RISC.vhd Line: 101
Info (10041): Inferred latch for "Alu_2[13]" at DataPath_RISC.vhd(101) File: /home/virtualgod/Altera/RISC1/DataPath_RISC.vhd Line: 101
Info (10041): Inferred latch for "Alu_2[14]" at DataPath_RISC.vhd(101) File: /home/virtualgod/Altera/RISC1/DataPath_RISC.vhd Line: 101
Info (10041): Inferred latch for "Alu_2[15]" at DataPath_RISC.vhd(101) File: /home/virtualgod/Altera/RISC1/DataPath_RISC.vhd Line: 101
Info (10041): Inferred latch for "Alu_1[0]" at DataPath_RISC.vhd(97) File: /home/virtualgod/Altera/RISC1/DataPath_RISC.vhd Line: 97
Info (10041): Inferred latch for "Alu_1[1]" at DataPath_RISC.vhd(97) File: /home/virtualgod/Altera/RISC1/DataPath_RISC.vhd Line: 97
Info (10041): Inferred latch for "Alu_1[2]" at DataPath_RISC.vhd(97) File: /home/virtualgod/Altera/RISC1/DataPath_RISC.vhd Line: 97
Info (10041): Inferred latch for "Alu_1[3]" at DataPath_RISC.vhd(97) File: /home/virtualgod/Altera/RISC1/DataPath_RISC.vhd Line: 97
Info (10041): Inferred latch for "Alu_1[4]" at DataPath_RISC.vhd(97) File: /home/virtualgod/Altera/RISC1/DataPath_RISC.vhd Line: 97
Info (10041): Inferred latch for "Alu_1[5]" at DataPath_RISC.vhd(97) File: /home/virtualgod/Altera/RISC1/DataPath_RISC.vhd Line: 97
Info (10041): Inferred latch for "Alu_1[6]" at DataPath_RISC.vhd(97) File: /home/virtualgod/Altera/RISC1/DataPath_RISC.vhd Line: 97
Info (10041): Inferred latch for "Alu_1[7]" at DataPath_RISC.vhd(97) File: /home/virtualgod/Altera/RISC1/DataPath_RISC.vhd Line: 97
Info (10041): Inferred latch for "Alu_1[8]" at DataPath_RISC.vhd(97) File: /home/virtualgod/Altera/RISC1/DataPath_RISC.vhd Line: 97
Info (10041): Inferred latch for "Alu_1[9]" at DataPath_RISC.vhd(97) File: /home/virtualgod/Altera/RISC1/DataPath_RISC.vhd Line: 97
Info (10041): Inferred latch for "Alu_1[10]" at DataPath_RISC.vhd(97) File: /home/virtualgod/Altera/RISC1/DataPath_RISC.vhd Line: 97
Info (10041): Inferred latch for "Alu_1[11]" at DataPath_RISC.vhd(97) File: /home/virtualgod/Altera/RISC1/DataPath_RISC.vhd Line: 97
Info (10041): Inferred latch for "Alu_1[12]" at DataPath_RISC.vhd(97) File: /home/virtualgod/Altera/RISC1/DataPath_RISC.vhd Line: 97
Info (10041): Inferred latch for "Alu_1[13]" at DataPath_RISC.vhd(97) File: /home/virtualgod/Altera/RISC1/DataPath_RISC.vhd Line: 97
Info (10041): Inferred latch for "Alu_1[14]" at DataPath_RISC.vhd(97) File: /home/virtualgod/Altera/RISC1/DataPath_RISC.vhd Line: 97
Info (10041): Inferred latch for "Alu_1[15]" at DataPath_RISC.vhd(97) File: /home/virtualgod/Altera/RISC1/DataPath_RISC.vhd Line: 97
Info (10041): Inferred latch for "T3_in[0]" at DataPath_RISC.vhd(80) File: /home/virtualgod/Altera/RISC1/DataPath_RISC.vhd Line: 80
Info (10041): Inferred latch for "T3_in[1]" at DataPath_RISC.vhd(80) File: /home/virtualgod/Altera/RISC1/DataPath_RISC.vhd Line: 80
Info (10041): Inferred latch for "T3_in[2]" at DataPath_RISC.vhd(80) File: /home/virtualgod/Altera/RISC1/DataPath_RISC.vhd Line: 80
Info (10041): Inferred latch for "T3_in[3]" at DataPath_RISC.vhd(80) File: /home/virtualgod/Altera/RISC1/DataPath_RISC.vhd Line: 80
Info (10041): Inferred latch for "T3_in[4]" at DataPath_RISC.vhd(80) File: /home/virtualgod/Altera/RISC1/DataPath_RISC.vhd Line: 80
Info (10041): Inferred latch for "T3_in[5]" at DataPath_RISC.vhd(80) File: /home/virtualgod/Altera/RISC1/DataPath_RISC.vhd Line: 80
Info (10041): Inferred latch for "T3_in[6]" at DataPath_RISC.vhd(80) File: /home/virtualgod/Altera/RISC1/DataPath_RISC.vhd Line: 80
Info (10041): Inferred latch for "T3_in[7]" at DataPath_RISC.vhd(80) File: /home/virtualgod/Altera/RISC1/DataPath_RISC.vhd Line: 80
Info (10041): Inferred latch for "T3_in[8]" at DataPath_RISC.vhd(80) File: /home/virtualgod/Altera/RISC1/DataPath_RISC.vhd Line: 80
Info (10041): Inferred latch for "T3_in[9]" at DataPath_RISC.vhd(80) File: /home/virtualgod/Altera/RISC1/DataPath_RISC.vhd Line: 80
Info (10041): Inferred latch for "T3_in[10]" at DataPath_RISC.vhd(80) File: /home/virtualgod/Altera/RISC1/DataPath_RISC.vhd Line: 80
Info (10041): Inferred latch for "T3_in[11]" at DataPath_RISC.vhd(80) File: /home/virtualgod/Altera/RISC1/DataPath_RISC.vhd Line: 80
Info (10041): Inferred latch for "T3_in[12]" at DataPath_RISC.vhd(80) File: /home/virtualgod/Altera/RISC1/DataPath_RISC.vhd Line: 80
Info (10041): Inferred latch for "T3_in[13]" at DataPath_RISC.vhd(80) File: /home/virtualgod/Altera/RISC1/DataPath_RISC.vhd Line: 80
Info (10041): Inferred latch for "T3_in[14]" at DataPath_RISC.vhd(80) File: /home/virtualgod/Altera/RISC1/DataPath_RISC.vhd Line: 80
Info (10041): Inferred latch for "T3_in[15]" at DataPath_RISC.vhd(80) File: /home/virtualgod/Altera/RISC1/DataPath_RISC.vhd Line: 80
Info (10041): Inferred latch for "T4_in[0]" at DataPath_RISC.vhd(77) File: /home/virtualgod/Altera/RISC1/DataPath_RISC.vhd Line: 77
Info (10041): Inferred latch for "T4_in[1]" at DataPath_RISC.vhd(77) File: /home/virtualgod/Altera/RISC1/DataPath_RISC.vhd Line: 77
Info (10041): Inferred latch for "T4_in[2]" at DataPath_RISC.vhd(77) File: /home/virtualgod/Altera/RISC1/DataPath_RISC.vhd Line: 77
Info (10041): Inferred latch for "T4_in[3]" at DataPath_RISC.vhd(77) File: /home/virtualgod/Altera/RISC1/DataPath_RISC.vhd Line: 77
Info (10041): Inferred latch for "T4_in[4]" at DataPath_RISC.vhd(77) File: /home/virtualgod/Altera/RISC1/DataPath_RISC.vhd Line: 77
Info (10041): Inferred latch for "T4_in[5]" at DataPath_RISC.vhd(77) File: /home/virtualgod/Altera/RISC1/DataPath_RISC.vhd Line: 77
Info (10041): Inferred latch for "T4_in[6]" at DataPath_RISC.vhd(77) File: /home/virtualgod/Altera/RISC1/DataPath_RISC.vhd Line: 77
Info (10041): Inferred latch for "T4_in[7]" at DataPath_RISC.vhd(77) File: /home/virtualgod/Altera/RISC1/DataPath_RISC.vhd Line: 77
Info (10041): Inferred latch for "T4_in[8]" at DataPath_RISC.vhd(77) File: /home/virtualgod/Altera/RISC1/DataPath_RISC.vhd Line: 77
Info (10041): Inferred latch for "T4_in[9]" at DataPath_RISC.vhd(77) File: /home/virtualgod/Altera/RISC1/DataPath_RISC.vhd Line: 77
Info (10041): Inferred latch for "T4_in[10]" at DataPath_RISC.vhd(77) File: /home/virtualgod/Altera/RISC1/DataPath_RISC.vhd Line: 77
Info (10041): Inferred latch for "T4_in[11]" at DataPath_RISC.vhd(77) File: /home/virtualgod/Altera/RISC1/DataPath_RISC.vhd Line: 77
Info (10041): Inferred latch for "T4_in[12]" at DataPath_RISC.vhd(77) File: /home/virtualgod/Altera/RISC1/DataPath_RISC.vhd Line: 77
Info (10041): Inferred latch for "T4_in[13]" at DataPath_RISC.vhd(77) File: /home/virtualgod/Altera/RISC1/DataPath_RISC.vhd Line: 77
Info (10041): Inferred latch for "T4_in[14]" at DataPath_RISC.vhd(77) File: /home/virtualgod/Altera/RISC1/DataPath_RISC.vhd Line: 77
Info (10041): Inferred latch for "T4_in[15]" at DataPath_RISC.vhd(77) File: /home/virtualgod/Altera/RISC1/DataPath_RISC.vhd Line: 77
Info (10041): Inferred latch for "Z" at DataPath_RISC.vhd(70) File: /home/virtualgod/Altera/RISC1/DataPath_RISC.vhd Line: 70
Info (10041): Inferred latch for "RF_D3[0]" at DataPath_RISC.vhd(51) File: /home/virtualgod/Altera/RISC1/DataPath_RISC.vhd Line: 51
Info (10041): Inferred latch for "RF_D3[1]" at DataPath_RISC.vhd(51) File: /home/virtualgod/Altera/RISC1/DataPath_RISC.vhd Line: 51
Info (10041): Inferred latch for "RF_D3[2]" at DataPath_RISC.vhd(51) File: /home/virtualgod/Altera/RISC1/DataPath_RISC.vhd Line: 51
Info (10041): Inferred latch for "RF_D3[3]" at DataPath_RISC.vhd(51) File: /home/virtualgod/Altera/RISC1/DataPath_RISC.vhd Line: 51
Info (10041): Inferred latch for "RF_D3[4]" at DataPath_RISC.vhd(51) File: /home/virtualgod/Altera/RISC1/DataPath_RISC.vhd Line: 51
Info (10041): Inferred latch for "RF_D3[5]" at DataPath_RISC.vhd(51) File: /home/virtualgod/Altera/RISC1/DataPath_RISC.vhd Line: 51
Info (10041): Inferred latch for "RF_D3[6]" at DataPath_RISC.vhd(51) File: /home/virtualgod/Altera/RISC1/DataPath_RISC.vhd Line: 51
Info (10041): Inferred latch for "RF_D3[7]" at DataPath_RISC.vhd(51) File: /home/virtualgod/Altera/RISC1/DataPath_RISC.vhd Line: 51
Info (10041): Inferred latch for "RF_D3[8]" at DataPath_RISC.vhd(51) File: /home/virtualgod/Altera/RISC1/DataPath_RISC.vhd Line: 51
Info (10041): Inferred latch for "RF_D3[9]" at DataPath_RISC.vhd(51) File: /home/virtualgod/Altera/RISC1/DataPath_RISC.vhd Line: 51
Info (10041): Inferred latch for "RF_D3[10]" at DataPath_RISC.vhd(51) File: /home/virtualgod/Altera/RISC1/DataPath_RISC.vhd Line: 51
Info (10041): Inferred latch for "RF_D3[11]" at DataPath_RISC.vhd(51) File: /home/virtualgod/Altera/RISC1/DataPath_RISC.vhd Line: 51
Info (10041): Inferred latch for "RF_D3[12]" at DataPath_RISC.vhd(51) File: /home/virtualgod/Altera/RISC1/DataPath_RISC.vhd Line: 51
Info (10041): Inferred latch for "RF_D3[13]" at DataPath_RISC.vhd(51) File: /home/virtualgod/Altera/RISC1/DataPath_RISC.vhd Line: 51
Info (10041): Inferred latch for "RF_D3[14]" at DataPath_RISC.vhd(51) File: /home/virtualgod/Altera/RISC1/DataPath_RISC.vhd Line: 51
Info (10041): Inferred latch for "RF_D3[15]" at DataPath_RISC.vhd(51) File: /home/virtualgod/Altera/RISC1/DataPath_RISC.vhd Line: 51
Info (10041): Inferred latch for "Mem_din[0]" at DataPath_RISC.vhd(39) File: /home/virtualgod/Altera/RISC1/DataPath_RISC.vhd Line: 39
Info (10041): Inferred latch for "Mem_din[1]" at DataPath_RISC.vhd(39) File: /home/virtualgod/Altera/RISC1/DataPath_RISC.vhd Line: 39
Info (10041): Inferred latch for "Mem_din[2]" at DataPath_RISC.vhd(39) File: /home/virtualgod/Altera/RISC1/DataPath_RISC.vhd Line: 39
Info (10041): Inferred latch for "Mem_din[3]" at DataPath_RISC.vhd(39) File: /home/virtualgod/Altera/RISC1/DataPath_RISC.vhd Line: 39
Info (10041): Inferred latch for "Mem_din[4]" at DataPath_RISC.vhd(39) File: /home/virtualgod/Altera/RISC1/DataPath_RISC.vhd Line: 39
Info (10041): Inferred latch for "Mem_din[5]" at DataPath_RISC.vhd(39) File: /home/virtualgod/Altera/RISC1/DataPath_RISC.vhd Line: 39
Info (10041): Inferred latch for "Mem_din[6]" at DataPath_RISC.vhd(39) File: /home/virtualgod/Altera/RISC1/DataPath_RISC.vhd Line: 39
Info (10041): Inferred latch for "Mem_din[7]" at DataPath_RISC.vhd(39) File: /home/virtualgod/Altera/RISC1/DataPath_RISC.vhd Line: 39
Info (10041): Inferred latch for "Mem_din[8]" at DataPath_RISC.vhd(39) File: /home/virtualgod/Altera/RISC1/DataPath_RISC.vhd Line: 39
Info (10041): Inferred latch for "Mem_din[9]" at DataPath_RISC.vhd(39) File: /home/virtualgod/Altera/RISC1/DataPath_RISC.vhd Line: 39
Info (10041): Inferred latch for "Mem_din[10]" at DataPath_RISC.vhd(39) File: /home/virtualgod/Altera/RISC1/DataPath_RISC.vhd Line: 39
Info (10041): Inferred latch for "Mem_din[11]" at DataPath_RISC.vhd(39) File: /home/virtualgod/Altera/RISC1/DataPath_RISC.vhd Line: 39
Info (10041): Inferred latch for "Mem_din[12]" at DataPath_RISC.vhd(39) File: /home/virtualgod/Altera/RISC1/DataPath_RISC.vhd Line: 39
Info (10041): Inferred latch for "Mem_din[13]" at DataPath_RISC.vhd(39) File: /home/virtualgod/Altera/RISC1/DataPath_RISC.vhd Line: 39
Info (10041): Inferred latch for "Mem_din[14]" at DataPath_RISC.vhd(39) File: /home/virtualgod/Altera/RISC1/DataPath_RISC.vhd Line: 39
Info (10041): Inferred latch for "Mem_din[15]" at DataPath_RISC.vhd(39) File: /home/virtualgod/Altera/RISC1/DataPath_RISC.vhd Line: 39
Info (10041): Inferred latch for "Mem_A[0]" at DataPath_RISC.vhd(36) File: /home/virtualgod/Altera/RISC1/DataPath_RISC.vhd Line: 36
Info (10041): Inferred latch for "Mem_A[1]" at DataPath_RISC.vhd(36) File: /home/virtualgod/Altera/RISC1/DataPath_RISC.vhd Line: 36
Info (10041): Inferred latch for "Mem_A[2]" at DataPath_RISC.vhd(36) File: /home/virtualgod/Altera/RISC1/DataPath_RISC.vhd Line: 36
Info (10041): Inferred latch for "Mem_A[3]" at DataPath_RISC.vhd(36) File: /home/virtualgod/Altera/RISC1/DataPath_RISC.vhd Line: 36
Info (10041): Inferred latch for "Mem_A[4]" at DataPath_RISC.vhd(36) File: /home/virtualgod/Altera/RISC1/DataPath_RISC.vhd Line: 36
Info (10041): Inferred latch for "Mem_A[5]" at DataPath_RISC.vhd(36) File: /home/virtualgod/Altera/RISC1/DataPath_RISC.vhd Line: 36
Info (10041): Inferred latch for "Mem_A[6]" at DataPath_RISC.vhd(36) File: /home/virtualgod/Altera/RISC1/DataPath_RISC.vhd Line: 36
Info (10041): Inferred latch for "Mem_A[7]" at DataPath_RISC.vhd(36) File: /home/virtualgod/Altera/RISC1/DataPath_RISC.vhd Line: 36
Info (10041): Inferred latch for "Mem_A[8]" at DataPath_RISC.vhd(36) File: /home/virtualgod/Altera/RISC1/DataPath_RISC.vhd Line: 36
Info (10041): Inferred latch for "Mem_A[9]" at DataPath_RISC.vhd(36) File: /home/virtualgod/Altera/RISC1/DataPath_RISC.vhd Line: 36
Info (10041): Inferred latch for "Mem_A[10]" at DataPath_RISC.vhd(36) File: /home/virtualgod/Altera/RISC1/DataPath_RISC.vhd Line: 36
Info (10041): Inferred latch for "Mem_A[11]" at DataPath_RISC.vhd(36) File: /home/virtualgod/Altera/RISC1/DataPath_RISC.vhd Line: 36
Info (10041): Inferred latch for "Mem_A[12]" at DataPath_RISC.vhd(36) File: /home/virtualgod/Altera/RISC1/DataPath_RISC.vhd Line: 36
Info (10041): Inferred latch for "Mem_A[13]" at DataPath_RISC.vhd(36) File: /home/virtualgod/Altera/RISC1/DataPath_RISC.vhd Line: 36
Info (10041): Inferred latch for "Mem_A[14]" at DataPath_RISC.vhd(36) File: /home/virtualgod/Altera/RISC1/DataPath_RISC.vhd Line: 36
Info (10041): Inferred latch for "Mem_A[15]" at DataPath_RISC.vhd(36) File: /home/virtualgod/Altera/RISC1/DataPath_RISC.vhd Line: 36
Info (12128): Elaborating entity "PE" for hierarchy "Datapath_RISC:dp|PE:pr_enc" File: /home/virtualgod/Altera/RISC1/DataPath_RISC.vhd Line: 32
Info (12128): Elaborating entity "memory" for hierarchy "Datapath_RISC:dp|memory:mem" File: /home/virtualgod/Altera/RISC1/DataPath_RISC.vhd Line: 40
Info (12128): Elaborating entity "regFile" for hierarchy "Datapath_RISC:dp|regFile:rf" File: /home/virtualgod/Altera/RISC1/DataPath_RISC.vhd Line: 54
Warning (10492): VHDL Process Statement warning at regFile.vhd(28): signal "a3" is read inside the Process Statement but isn't in the Process Statement's sensitivity list File: /home/virtualgod/Altera/RISC1/regFile.vhd Line: 28
Info (12128): Elaborating entity "Comparator" for hierarchy "Datapath_RISC:dp|Comparator:comp" File: /home/virtualgod/Altera/RISC1/DataPath_RISC.vhd Line: 68
Info (12128): Elaborating entity "dataRegister" for hierarchy "Datapath_RISC:dp|dataRegister:t1" File: /home/virtualgod/Altera/RISC1/DataPath_RISC.vhd Line: 84
Info (12128): Elaborating entity "alu" for hierarchy "Datapath_RISC:dp|alu:aluInst" File: /home/virtualgod/Altera/RISC1/DataPath_RISC.vhd Line: 105
Info (12128): Elaborating entity "controlpath" for hierarchy "controlpath:cp" File: /home/virtualgod/Altera/RISC1/RISC1.vhd Line: 25
Warning (10492): VHDL Process Statement warning at controlpath.vhdl(76): signal "IRVal" is read inside the Process Statement but isn't in the Process Statement's sensitivity list File: /home/virtualgod/Altera/RISC1/controlpath.vhdl Line: 76
Warning (10492): VHDL Process Statement warning at controlpath.vhdl(80): signal "IRVal" is read inside the Process Statement but isn't in the Process Statement's sensitivity list File: /home/virtualgod/Altera/RISC1/controlpath.vhdl Line: 80
Warning (10492): VHDL Process Statement warning at controlpath.vhdl(81): signal "IRVal" is read inside the Process Statement but isn't in the Process Statement's sensitivity list File: /home/virtualgod/Altera/RISC1/controlpath.vhdl Line: 81
Warning (10492): VHDL Process Statement warning at controlpath.vhdl(83): signal "IRVal" is read inside the Process Statement but isn't in the Process Statement's sensitivity list File: /home/virtualgod/Altera/RISC1/controlpath.vhdl Line: 83
Warning (10492): VHDL Process Statement warning at controlpath.vhdl(84): signal "z" is read inside the Process Statement but isn't in the Process Statement's sensitivity list File: /home/virtualgod/Altera/RISC1/controlpath.vhdl Line: 84
Warning (10492): VHDL Process Statement warning at controlpath.vhdl(89): signal "IRVal" is read inside the Process Statement but isn't in the Process Statement's sensitivity list File: /home/virtualgod/Altera/RISC1/controlpath.vhdl Line: 89
Warning (10492): VHDL Process Statement warning at controlpath.vhdl(90): signal "c" is read inside the Process Statement but isn't in the Process Statement's sensitivity list File: /home/virtualgod/Altera/RISC1/controlpath.vhdl Line: 90
Warning (10492): VHDL Process Statement warning at controlpath.vhdl(96): signal "IRVal" is read inside the Process Statement but isn't in the Process Statement's sensitivity list File: /home/virtualgod/Altera/RISC1/controlpath.vhdl Line: 96
Warning (10492): VHDL Process Statement warning at controlpath.vhdl(97): signal "IRVal" is read inside the Process Statement but isn't in the Process Statement's sensitivity list File: /home/virtualgod/Altera/RISC1/controlpath.vhdl Line: 97
Warning (10492): VHDL Process Statement warning at controlpath.vhdl(99): signal "IRVal" is read inside the Process Statement but isn't in the Process Statement's sensitivity list File: /home/virtualgod/Altera/RISC1/controlpath.vhdl Line: 99
Warning (10492): VHDL Process Statement warning at controlpath.vhdl(100): signal "z" is read inside the Process Statement but isn't in the Process Statement's sensitivity list File: /home/virtualgod/Altera/RISC1/controlpath.vhdl Line: 100
Warning (10492): VHDL Process Statement warning at controlpath.vhdl(105): signal "IRVal" is read inside the Process Statement but isn't in the Process Statement's sensitivity list File: /home/virtualgod/Altera/RISC1/controlpath.vhdl Line: 105
Warning (10492): VHDL Process Statement warning at controlpath.vhdl(106): signal "c" is read inside the Process Statement but isn't in the Process Statement's sensitivity list File: /home/virtualgod/Altera/RISC1/controlpath.vhdl Line: 106
Warning (10492): VHDL Process Statement warning at controlpath.vhdl(112): signal "IRVal" is read inside the Process Statement but isn't in the Process Statement's sensitivity list File: /home/virtualgod/Altera/RISC1/controlpath.vhdl Line: 112
Warning (10492): VHDL Process Statement warning at controlpath.vhdl(116): signal "IRVal" is read inside the Process Statement but isn't in the Process Statement's sensitivity list File: /home/virtualgod/Altera/RISC1/controlpath.vhdl Line: 116
Warning (10492): VHDL Process Statement warning at controlpath.vhdl(120): signal "IRVal" is read inside the Process Statement but isn't in the Process Statement's sensitivity list File: /home/virtualgod/Altera/RISC1/controlpath.vhdl Line: 120
Warning (10492): VHDL Process Statement warning at controlpath.vhdl(124): signal "IRVal" is read inside the Process Statement but isn't in the Process Statement's sensitivity list File: /home/virtualgod/Altera/RISC1/controlpath.vhdl Line: 124
Warning (10492): VHDL Process Statement warning at controlpath.vhdl(125): signal "IRVal" is read inside the Process Statement but isn't in the Process Statement's sensitivity list File: /home/virtualgod/Altera/RISC1/controlpath.vhdl Line: 125
Warning (10492): VHDL Process Statement warning at controlpath.vhdl(126): signal "IRVal" is read inside the Process Statement but isn't in the Process Statement's sensitivity list File: /home/virtualgod/Altera/RISC1/controlpath.vhdl Line: 126
Warning (10492): VHDL Process Statement warning at controlpath.vhdl(135): signal "IRVal" is read inside the Process Statement but isn't in the Process Statement's sensitivity list File: /home/virtualgod/Altera/RISC1/controlpath.vhdl Line: 135
Warning (10492): VHDL Process Statement warning at controlpath.vhdl(139): signal "IRVal" is read inside the Process Statement but isn't in the Process Statement's sensitivity list File: /home/virtualgod/Altera/RISC1/controlpath.vhdl Line: 139
Warning (10492): VHDL Process Statement warning at controlpath.vhdl(142): signal "IRVal" is read inside the Process Statement but isn't in the Process Statement's sensitivity list File: /home/virtualgod/Altera/RISC1/controlpath.vhdl Line: 142
Warning (10492): VHDL Process Statement warning at controlpath.vhdl(152): signal "IRVal" is read inside the Process Statement but isn't in the Process Statement's sensitivity list File: /home/virtualgod/Altera/RISC1/controlpath.vhdl Line: 152
Warning (10492): VHDL Process Statement warning at controlpath.vhdl(157): signal "IRVal" is read inside the Process Statement but isn't in the Process Statement's sensitivity list File: /home/virtualgod/Altera/RISC1/controlpath.vhdl Line: 157
Warning (10492): VHDL Process Statement warning at controlpath.vhdl(162): signal "IRVal" is read inside the Process Statement but isn't in the Process Statement's sensitivity list File: /home/virtualgod/Altera/RISC1/controlpath.vhdl Line: 162
Warning (10492): VHDL Process Statement warning at controlpath.vhdl(166): signal "IRVal" is read inside the Process Statement but isn't in the Process Statement's sensitivity list File: /home/virtualgod/Altera/RISC1/controlpath.vhdl Line: 166
Warning (10492): VHDL Process Statement warning at controlpath.vhdl(193): signal "pe_v" is read inside the Process Statement but isn't in the Process Statement's sensitivity list File: /home/virtualgod/Altera/RISC1/controlpath.vhdl Line: 193
Warning (10492): VHDL Process Statement warning at controlpath.vhdl(209): signal "pe_v" is read inside the Process Statement but isn't in the Process Statement's sensitivity list File: /home/virtualgod/Altera/RISC1/controlpath.vhdl Line: 209
Warning (10492): VHDL Process Statement warning at controlpath.vhdl(228): signal "comp_out" is read inside the Process Statement but isn't in the Process Statement's sensitivity list File: /home/virtualgod/Altera/RISC1/controlpath.vhdl Line: 228
Warning (14026): LATCH primitive "Datapath_RISC:dp|Alu_1[1]" is permanently enabled File: /home/virtualgod/Altera/RISC1/DataPath_RISC.vhd Line: 97
Warning (14026): LATCH primitive "Datapath_RISC:dp|Alu_1[2]" is permanently enabled File: /home/virtualgod/Altera/RISC1/DataPath_RISC.vhd Line: 97
Warning (14026): LATCH primitive "Datapath_RISC:dp|Alu_1[3]" is permanently enabled File: /home/virtualgod/Altera/RISC1/DataPath_RISC.vhd Line: 97
Warning (14026): LATCH primitive "Datapath_RISC:dp|Alu_1[4]" is permanently enabled File: /home/virtualgod/Altera/RISC1/DataPath_RISC.vhd Line: 97
Warning (14026): LATCH primitive "Datapath_RISC:dp|Alu_1[5]" is permanently enabled File: /home/virtualgod/Altera/RISC1/DataPath_RISC.vhd Line: 97
Warning (14026): LATCH primitive "Datapath_RISC:dp|Alu_1[6]" is permanently enabled File: /home/virtualgod/Altera/RISC1/DataPath_RISC.vhd Line: 97
Warning (14026): LATCH primitive "Datapath_RISC:dp|Alu_1[7]" is permanently enabled File: /home/virtualgod/Altera/RISC1/DataPath_RISC.vhd Line: 97
Warning (14026): LATCH primitive "Datapath_RISC:dp|Alu_1[8]" is permanently enabled File: /home/virtualgod/Altera/RISC1/DataPath_RISC.vhd Line: 97
Warning (14026): LATCH primitive "Datapath_RISC:dp|Alu_1[9]" is permanently enabled File: /home/virtualgod/Altera/RISC1/DataPath_RISC.vhd Line: 97
Warning (14026): LATCH primitive "Datapath_RISC:dp|Alu_1[10]" is permanently enabled File: /home/virtualgod/Altera/RISC1/DataPath_RISC.vhd Line: 97
Warning (14026): LATCH primitive "Datapath_RISC:dp|Alu_1[11]" is permanently enabled File: /home/virtualgod/Altera/RISC1/DataPath_RISC.vhd Line: 97
Warning (14026): LATCH primitive "Datapath_RISC:dp|Alu_1[12]" is permanently enabled File: /home/virtualgod/Altera/RISC1/DataPath_RISC.vhd Line: 97
Warning (14026): LATCH primitive "Datapath_RISC:dp|Alu_1[13]" is permanently enabled File: /home/virtualgod/Altera/RISC1/DataPath_RISC.vhd Line: 97
Warning (14026): LATCH primitive "Datapath_RISC:dp|Alu_1[14]" is permanently enabled File: /home/virtualgod/Altera/RISC1/DataPath_RISC.vhd Line: 97
Warning (14026): LATCH primitive "Datapath_RISC:dp|Alu_1[15]" is permanently enabled File: /home/virtualgod/Altera/RISC1/DataPath_RISC.vhd Line: 97
Warning (14026): LATCH primitive "Datapath_RISC:dp|Alu_1[0]" is permanently enabled File: /home/virtualgod/Altera/RISC1/DataPath_RISC.vhd Line: 97
Info (276014): Found 1 instances of uninferred RAM logic
    Info (276007): RAM logic "Datapath_RISC:dp|memory:mem|ram" is uninferred due to asynchronous read logic File: /home/virtualgod/Altera/RISC1/memory.vhd Line: 17
Warning (14026): LATCH primitive "Datapath_RISC:dp|T4_in[14]" is permanently enabled File: /home/virtualgod/Altera/RISC1/DataPath_RISC.vhd Line: 77
Warning (14026): LATCH primitive "Datapath_RISC:dp|T4_in[13]" is permanently enabled File: /home/virtualgod/Altera/RISC1/DataPath_RISC.vhd Line: 77
Warning (14026): LATCH primitive "Datapath_RISC:dp|T4_in[12]" is permanently enabled File: /home/virtualgod/Altera/RISC1/DataPath_RISC.vhd Line: 77
Warning (14026): LATCH primitive "Datapath_RISC:dp|T4_in[11]" is permanently enabled File: /home/virtualgod/Altera/RISC1/DataPath_RISC.vhd Line: 77
Warning (14026): LATCH primitive "Datapath_RISC:dp|T4_in[10]" is permanently enabled File: /home/virtualgod/Altera/RISC1/DataPath_RISC.vhd Line: 77
Warning (14026): LATCH primitive "Datapath_RISC:dp|T4_in[9]" is permanently enabled File: /home/virtualgod/Altera/RISC1/DataPath_RISC.vhd Line: 77
Warning (14026): LATCH primitive "Datapath_RISC:dp|T4_in[8]" is permanently enabled File: /home/virtualgod/Altera/RISC1/DataPath_RISC.vhd Line: 77
Warning (14026): LATCH primitive "Datapath_RISC:dp|T4_in[7]" is permanently enabled File: /home/virtualgod/Altera/RISC1/DataPath_RISC.vhd Line: 77
Warning (14026): LATCH primitive "Datapath_RISC:dp|T3_in[15]" is permanently enabled File: /home/virtualgod/Altera/RISC1/DataPath_RISC.vhd Line: 80
Warning (14026): LATCH primitive "Datapath_RISC:dp|T3_in[14]" is permanently enabled File: /home/virtualgod/Altera/RISC1/DataPath_RISC.vhd Line: 80
Warning (14026): LATCH primitive "Datapath_RISC:dp|T3_in[13]" is permanently enabled File: /home/virtualgod/Altera/RISC1/DataPath_RISC.vhd Line: 80
Warning (14026): LATCH primitive "Datapath_RISC:dp|T3_in[12]" is permanently enabled File: /home/virtualgod/Altera/RISC1/DataPath_RISC.vhd Line: 80
Warning (14026): LATCH primitive "Datapath_RISC:dp|T3_in[11]" is permanently enabled File: /home/virtualgod/Altera/RISC1/DataPath_RISC.vhd Line: 80
Warning (14026): LATCH primitive "Datapath_RISC:dp|T3_in[10]" is permanently enabled File: /home/virtualgod/Altera/RISC1/DataPath_RISC.vhd Line: 80
Warning (14026): LATCH primitive "Datapath_RISC:dp|T3_in[9]" is permanently enabled File: /home/virtualgod/Altera/RISC1/DataPath_RISC.vhd Line: 80
Warning (14026): LATCH primitive "Datapath_RISC:dp|T3_in[8]" is permanently enabled File: /home/virtualgod/Altera/RISC1/DataPath_RISC.vhd Line: 80
Warning (14026): LATCH primitive "Datapath_RISC:dp|T3_in[7]" is permanently enabled File: /home/virtualgod/Altera/RISC1/DataPath_RISC.vhd Line: 80
Warning (14026): LATCH primitive "Datapath_RISC:dp|T3_in[6]" is permanently enabled File: /home/virtualgod/Altera/RISC1/DataPath_RISC.vhd Line: 80
Warning (14026): LATCH primitive "Datapath_RISC:dp|T3_in[5]" is permanently enabled File: /home/virtualgod/Altera/RISC1/DataPath_RISC.vhd Line: 80
Warning (14026): LATCH primitive "Datapath_RISC:dp|T3_in[4]" is permanently enabled File: /home/virtualgod/Altera/RISC1/DataPath_RISC.vhd Line: 80
Warning (14026): LATCH primitive "Datapath_RISC:dp|T3_in[3]" is permanently enabled File: /home/virtualgod/Altera/RISC1/DataPath_RISC.vhd Line: 80
Warning (14026): LATCH primitive "Datapath_RISC:dp|T3_in[2]" is permanently enabled File: /home/virtualgod/Altera/RISC1/DataPath_RISC.vhd Line: 80
Warning (14026): LATCH primitive "Datapath_RISC:dp|T3_in[1]" is permanently enabled File: /home/virtualgod/Altera/RISC1/DataPath_RISC.vhd Line: 80
Warning (14026): LATCH primitive "Datapath_RISC:dp|T3_in[0]" is permanently enabled File: /home/virtualgod/Altera/RISC1/DataPath_RISC.vhd Line: 80
Warning (14026): LATCH primitive "Datapath_RISC:dp|T4_in[15]" is permanently enabled File: /home/virtualgod/Altera/RISC1/DataPath_RISC.vhd Line: 77
Warning (14026): LATCH primitive "Datapath_RISC:dp|T4_in[6]" is permanently enabled File: /home/virtualgod/Altera/RISC1/DataPath_RISC.vhd Line: 77
Warning (14026): LATCH primitive "Datapath_RISC:dp|T4_in[5]" is permanently enabled File: /home/virtualgod/Altera/RISC1/DataPath_RISC.vhd Line: 77
Warning (14026): LATCH primitive "Datapath_RISC:dp|T4_in[4]" is permanently enabled File: /home/virtualgod/Altera/RISC1/DataPath_RISC.vhd Line: 77
Warning (14026): LATCH primitive "Datapath_RISC:dp|T4_in[3]" is permanently enabled File: /home/virtualgod/Altera/RISC1/DataPath_RISC.vhd Line: 77
Warning (14026): LATCH primitive "Datapath_RISC:dp|T4_in[2]" is permanently enabled File: /home/virtualgod/Altera/RISC1/DataPath_RISC.vhd Line: 77
Warning (14026): LATCH primitive "Datapath_RISC:dp|T4_in[1]" is permanently enabled File: /home/virtualgod/Altera/RISC1/DataPath_RISC.vhd Line: 77
Warning (14026): LATCH primitive "Datapath_RISC:dp|T4_in[0]" is permanently enabled File: /home/virtualgod/Altera/RISC1/DataPath_RISC.vhd Line: 77
Info (17049): 240 registers lost all their fanouts during netlist optimizations.
Info (16010): Generating hard_block partition "hard_block:auto_generated_inst"
    Info (16011): Adding 0 node(s), including 0 DDIO, 0 PLL, 0 transceiver and 0 LCELL
Warning (21074): Design contains 2 input pin(s) that do not drive logic
    Warning (15610): No output dependent on input pin "reset" File: /home/virtualgod/Altera/RISC1/RISC1.vhd Line: 7
    Warning (15610): No output dependent on input pin "clk" File: /home/virtualgod/Altera/RISC1/RISC1.vhd Line: 7
Info (21057): Implemented 2 device resources after synthesis - the final resource count might be different
    Info (21058): Implemented 2 input pins
    Info (21059): Implemented 0 output pins
Info: Quartus Prime Analysis & Synthesis was successful. 0 errors, 82 warnings
    Info: Peak virtual memory: 1275 megabytes
    Info: Processing ended: Mon Oct 24 20:23:48 2016
    Info: Elapsed time: 00:00:16
    Info: Total CPU time (on all processors): 00:00:37


